TN:
SF:D:\WeatherGuide\app\components\checkLogin\index.js
FN:3,_interopRequireDefault
FN:5,CheckLogin
FN:5,CheckLogin$
FNF:3
FNH:0
FNDA:0,_interopRequireDefault
FNDA:0,CheckLogin
FNDA:0,CheckLogin$
DA:1,0
DA:2,0
DA:3,0
DA:5,0
DA:6,0
DA:8,0
DA:11,0
LF:7
LH:0
BRDA:3,0,0,0
BRDA:3,0,1,0
BRDA:3,1,0,0
BRDA:3,1,1,0
BRDA:5,2,0,0
BRDA:5,2,1,0
BRDA:5,2,2,0
BRDA:5,2,3,0
BRDA:5,2,4,0
BRDA:5,3,0,0
BRDA:5,3,1,0
BRDA:6,4,0,0
BRDA:6,4,1,0
BRF:13
BRH:0
end_of_record
TN:
SF:D:\WeatherGuide\app\components\drawer\index.js
FN:3,_interopRequireDefault
FN:7,onPress
FN:12,onPress
FN:47,onPress
FN:52,onPress
FN:57,onPress
FNF:6
FNH:0
FNDA:0,_interopRequireDefault
FNDA:0,onPress
FNDA:0,onPress
FNDA:0,onPress
FNDA:0,onPress
FNDA:0,onPress
DA:1,0
DA:2,0
DA:3,0
DA:5,0
DA:7,0
DA:12,0
DA:47,0
DA:52,0
DA:57,0
DA:63,0
LF:10
LH:0
BRDA:3,0,0,0
BRDA:3,0,1,0
BRDA:3,1,0,0
BRDA:3,1,1,0
BRF:4
BRH:0
end_of_record
TN:
SF:D:\WeatherGuide\app\components\drawer\email\email.js
FN:2,_interopRequireDefault
FN:4,SendMail
FNF:2
FNH:0
FNDA:0,_interopRequireDefault
FNDA:0,SendMail
DA:1,0
DA:2,0
DA:4,0
DA:5,0
DA:6,0
DA:11,0
LF:6
LH:0
BRDA:2,0,0,0
BRDA:2,0,1,0
BRDA:2,1,0,0
BRDA:2,1,1,0
BRF:4
BRH:0
end_of_record
TN:
SF:D:\WeatherGuide\app\components\headerLeft\index.js
FN:4,_interopRequireDefault
FN:6,HeaderLeft
FN:8,onPress
FNF:3
FNH:2
FNDA:2,_interopRequireDefault
FNDA:1,HeaderLeft
FNDA:0,onPress
DA:1,1
DA:2,1
DA:3,1
DA:4,2
DA:6,1
DA:7,1
DA:8,0
DA:14,1
LF:8
LH:7
BRDA:4,0,0,1
BRDA:4,0,1,1
BRDA:4,1,0,2
BRDA:4,1,1,2
BRF:4
BRH:4
end_of_record
TN:
SF:D:\WeatherGuide\app\components\headerLeft\style.js
FNF:0
FNH:0
DA:1,1
DA:4,1
DA:9,1
LF:3
LH:3
BRF:0
BRH:0
end_of_record
TN:
SF:D:\WeatherGuide\app\components\headerRight\index.js
FN:5,_interopRequireDefault
FN:7,HeaderRight
FN:9,onPress
FNF:3
FNH:0
FNDA:0,_interopRequireDefault
FNDA:0,HeaderRight
FNDA:0,onPress
DA:1,0
DA:2,0
DA:3,0
DA:4,0
DA:5,0
DA:7,0
DA:8,0
DA:9,0
DA:15,0
LF:9
LH:0
BRDA:5,0,0,0
BRDA:5,0,1,0
BRDA:5,1,0,0
BRDA:5,1,1,0
BRF:4
BRH:0
end_of_record
TN:
SF:D:\WeatherGuide\app\components\headerRight\style.js
FNF:0
FNH:0
DA:1,0
DA:4,0
DA:9,0
LF:3
LH:0
BRF:0
BRH:0
end_of_record
TN:
SF:D:\WeatherGuide\app\components\loader\index.js
FN:3,_interopRequireDefault
FN:5,Loader
FNF:2
FNH:2
FNDA:2,_interopRequireDefault
FNDA:1,Loader
DA:1,1
DA:2,1
DA:3,2
DA:6,1
DA:8,1
DA:13,1
LF:6
LH:6
BRDA:3,0,0,1
BRDA:3,0,1,1
BRDA:3,1,0,2
BRDA:3,1,1,2
BRF:4
BRH:4
end_of_record
TN:
SF:D:\WeatherGuide\app\components\loginComp\InputBox\index.js
FN:5,_interopRequireDefault
FN:8,InputBox
FNF:2
FNH:0
FNDA:0,_interopRequireDefault
FNDA:0,InputBox
DA:1,0
DA:2,0
DA:3,0
DA:4,0
DA:5,0
DA:8,0
DA:9,0
DA:21,0
LF:8
LH:0
BRDA:5,0,0,0
BRDA:5,0,1,0
BRDA:5,1,0,0
BRDA:5,1,1,0
BRF:4
BRH:0
end_of_record
TN:
SF:D:\WeatherGuide\app\components\loginComp\InputBox\style.js
FN:2,_interopRequireDefault
FNF:1
FNH:0
FNDA:0,_interopRequireDefault
DA:1,0
DA:2,0
DA:4,0
DA:6,0
DA:20,0
LF:5
LH:0
BRDA:2,0,0,0
BRDA:2,0,1,0
BRDA:2,1,0,0
BRDA:2,1,1,0
BRF:4
BRH:0
end_of_record
TN:
SF:D:\WeatherGuide\app\components\loginComp\buttonBox\index.js
FN:6,_interopRequireDefault
FN:9,ButtonBox
FN:10,goTo
FN:14,goToTwo
FNF:4
FNH:0
FNDA:0,_interopRequireDefault
FNDA:0,ButtonBox
FNDA:0,goTo
FNDA:0,goToTwo
DA:1,0
DA:2,0
DA:3,0
DA:4,0
DA:5,0
DA:6,0
DA:9,0
DA:10,0
DA:11,0
DA:14,0
DA:15,0
DA:18,0
DA:30,0
LF:13
LH:0
BRDA:6,0,0,0
BRDA:6,0,1,0
BRDA:6,1,0,0
BRDA:6,1,1,0
BRF:4
BRH:0
end_of_record
TN:
SF:D:\WeatherGuide\app\components\loginComp\buttonBox\style.js
FN:2,_interopRequireDefault
FNF:1
FNH:0
FNDA:0,_interopRequireDefault
DA:1,0
DA:2,0
DA:4,0
DA:6,0
DA:35,0
LF:5
LH:0
BRDA:2,0,0,0
BRDA:2,0,1,0
BRDA:2,1,0,0
BRDA:2,1,1,0
BRF:4
BRH:0
end_of_record
TN:
SF:D:\WeatherGuide\app\components\loginComp\buttons\index.js
FN:3,_interopRequireDefault
FN:5,Buttons
FNF:2
FNH:1
FNDA:1,_interopRequireDefault
FNDA:0,Buttons
DA:1,1
DA:2,1
DA:3,1
DA:5,1
DA:6,0
DA:11,1
LF:6
LH:5
BRDA:3,0,0,0
BRDA:3,0,1,1
BRDA:3,1,0,1
BRDA:3,1,1,1
BRF:4
BRH:3
end_of_record
TN:
SF:D:\WeatherGuide\app\components\loginComp\buttons\style.js
FN:2,_interopRequireDefault
FNF:1
FNH:1
FNDA:1,_interopRequireDefault
DA:1,1
DA:2,1
DA:4,1
DA:6,1
DA:11,1
LF:5
LH:5
BRDA:2,0,0,1
BRDA:2,0,1,0
BRDA:2,1,0,1
BRDA:2,1,1,1
BRF:4
BRH:3
end_of_record
TN:
SF:D:\WeatherGuide\app\components\loginComp\imgBox\index.js
FN:5,_interopRequireDefault
FN:7,ImgBox
FNF:2
FNH:0
FNDA:0,_interopRequireDefault
FNDA:0,ImgBox
DA:1,0
DA:2,0
DA:3,0
DA:4,0
DA:5,0
DA:7,0
DA:8,0
DA:18,0
LF:8
LH:0
BRDA:5,0,0,0
BRDA:5,0,1,0
BRDA:5,1,0,0
BRDA:5,1,1,0
BRF:4
BRH:0
end_of_record
TN:
SF:D:\WeatherGuide\app\components\loginComp\imgBox\style.js
FN:2,_interopRequireDefault
FNF:1
FNH:0
FNDA:0,_interopRequireDefault
DA:1,0
DA:2,0
DA:4,0
DA:6,0
DA:23,0
LF:5
LH:0
BRDA:2,0,0,0
BRDA:2,0,1,0
BRDA:2,1,0,0
BRDA:2,1,1,0
BRF:4
BRH:0
end_of_record
TN:
SF:D:\WeatherGuide\app\components\loginComp\textInput\index.js
FN:5,_interopRequireDefault
FN:8,TextInputlog
FN:14,onChangeText
FNF:3
FNH:1
FNDA:3,_interopRequireDefault
FNDA:0,TextInputlog
FNDA:0,onChangeText
DA:1,1
DA:2,1
DA:3,1
DA:4,1
DA:5,3
DA:8,1
DA:9,0
DA:14,0
DA:21,1
LF:9
LH:7
BRDA:5,0,0,2
BRDA:5,0,1,1
BRDA:5,1,0,3
BRDA:5,1,1,3
BRF:4
BRH:4
end_of_record
TN:
SF:D:\WeatherGuide\app\components\loginComp\textInput\style.js
FN:2,_interopRequireDefault
FNF:1
FNH:1
FNDA:1,_interopRequireDefault
DA:1,1
DA:2,1
DA:3,1
DA:5,1
DA:28,1
LF:5
LH:5
BRDA:2,0,0,1
BRDA:2,0,1,0
BRDA:2,1,0,1
BRDA:2,1,1,1
BRF:4
BRH:3
end_of_record
TN:
SF:D:\WeatherGuide\app\components\registrComp\buttonBox\index.js
FN:5,_interopRequireDefault
FN:8,ButtonBox
FN:10,CheckLogin
FNF:3
FNH:0
FNDA:0,_interopRequireDefault
FNDA:0,ButtonBox
FNDA:0,CheckLogin
DA:1,0
DA:2,0
DA:3,0
DA:4,0
DA:5,0
DA:8,0
DA:10,0
DA:11,0
DA:14,0
LF:9
LH:0
BRDA:5,0,0,0
BRDA:5,0,1,0
BRDA:5,1,0,0
BRDA:5,1,1,0
BRF:4
BRH:0
end_of_record
TN:
SF:D:\WeatherGuide\app\components\registrComp\buttonBox\style.js
FN:2,_interopRequireDefault
FNF:1
FNH:0
FNDA:0,_interopRequireDefault
DA:1,0
DA:2,0
DA:4,0
DA:6,0
DA:24,0
LF:5
LH:0
BRDA:2,0,0,0
BRDA:2,0,1,0
BRDA:2,1,0,0
BRDA:2,1,1,0
BRF:4
BRH:0
end_of_record
TN:
SF:D:\WeatherGuide\app\components\registrComp\imgBox\index.js
FN:5,_interopRequireDefault
FN:7,ImgBox
FNF:2
FNH:0
FNDA:0,_interopRequireDefault
FNDA:0,ImgBox
DA:1,0
DA:2,0
DA:3,0
DA:4,0
DA:5,0
DA:8,0
LF:6
LH:0
BRDA:5,0,0,0
BRDA:5,0,1,0
BRDA:5,1,0,0
BRDA:5,1,1,0
BRF:4
BRH:0
end_of_record
TN:
SF:D:\WeatherGuide\app\components\registrComp\imgBox\style.js
FNF:0
FNH:0
DA:1,0
DA:3,0
DA:20,0
LF:3
LH:0
BRF:0
BRH:0
end_of_record
TN:
SF:D:\WeatherGuide\app\components\registrComp\inputBox\index.js
FN:5,_interopRequireDefault
FN:8,InputBox
FNF:2
FNH:0
FNDA:0,_interopRequireDefault
FNDA:0,InputBox
DA:1,0
DA:2,0
DA:3,0
DA:4,0
DA:5,0
DA:9,0
LF:6
LH:0
BRDA:5,0,0,0
BRDA:5,0,1,0
BRDA:5,1,0,0
BRDA:5,1,1,0
BRF:4
BRH:0
end_of_record
TN:
SF:D:\WeatherGuide\app\components\registrComp\inputBox\style.js
FNF:0
FNH:0
DA:1,0
DA:3,0
DA:7,0
LF:3
LH:0
BRF:0
BRH:0
end_of_record
TN:
SF:D:\WeatherGuide\app\components\registrComp\textInput\index.js
FN:5,_interopRequireDefault
FN:7,TextInputReg
FN:14,onChangeText
FNF:3
FNH:2
FNDA:3,_interopRequireDefault
FNDA:1,TextInputReg
FNDA:0,onChangeText
DA:1,1
DA:2,1
DA:3,1
DA:4,1
DA:5,3
DA:7,1
DA:8,1
DA:14,0
DA:24,1
LF:9
LH:8
BRDA:5,0,0,2
BRDA:5,0,1,1
BRDA:5,1,0,3
BRDA:5,1,1,3
BRF:4
BRH:4
end_of_record
TN:
SF:D:\WeatherGuide\app\components\registrComp\textInput\style.js
FNF:0
FNH:0
DA:1,1
DA:3,1
DA:5,1
DA:33,1
LF:4
LH:4
BRF:0
BRH:0
end_of_record
TN:
SF:D:\WeatherGuide\app\components\settingMenu\index.js
FN:6,_interopRequireDefault
FN:6,_getRequireWildcardCache
FN:6,_getRequireWildcardCache
FN:6,_interopRequireWildcard
FN:8,setLine
FN:17,SettingBox
FN:51,onPress
FNF:7
FNH:0
FNDA:0,_interopRequireDefault
FNDA:0,_getRequireWildcardCache
FNDA:0,_getRequireWildcardCache
FNDA:0,_interopRequireWildcard
FNDA:0,setLine
FNDA:0,SettingBox
FNDA:0,onPress
DA:1,0
DA:2,0
DA:3,0
DA:4,0
DA:5,0
DA:6,0
DA:8,0
DA:9,0
DA:16,0
DA:17,0
DA:18,0
DA:51,0
DA:59,0
LF:13
LH:0
BRDA:6,0,0,0
BRDA:6,0,1,0
BRDA:6,1,0,0
BRDA:6,1,1,0
BRDA:6,2,0,0
BRDA:6,2,1,0
BRDA:6,3,0,0
BRDA:6,3,1,0
BRDA:6,4,0,0
BRDA:6,4,1,0
BRDA:6,5,0,0
BRDA:6,5,1,0
BRDA:6,6,0,0
BRDA:6,6,1,0
BRDA:6,6,2,0
BRDA:6,7,0,0
BRDA:6,7,1,0
BRDA:6,8,0,0
BRDA:6,8,1,0
BRDA:6,9,0,0
BRDA:6,9,1,0
BRDA:6,10,0,0
BRDA:6,10,1,0
BRDA:6,11,0,0
BRDA:6,11,1,0
BRDA:6,12,0,0
BRDA:6,12,1,0
BRDA:6,13,0,0
BRDA:6,13,1,0
BRDA:6,13,2,0
BRDA:6,14,0,0
BRDA:6,14,1,0
BRF:32
BRH:0
end_of_record
TN:
SF:D:\WeatherGuide\app\components\settingMenu\settingMock.js
FNF:0
FNH:0
DA:1,0
DA:2,0
DA:12,0
LF:3
LH:0
BRF:0
BRH:0
end_of_record
TN:
SF:D:\WeatherGuide\app\components\settingMenu\style.js
FN:2,_interopRequireDefault
FNF:1
FNH:0
FNDA:0,_interopRequireDefault
DA:1,0
DA:2,0
DA:5,0
DA:48,0
LF:4
LH:0
BRDA:2,0,0,0
BRDA:2,0,1,0
BRDA:2,1,0,0
BRDA:2,1,1,0
BRF:4
BRH:0
end_of_record
TN:
SF:D:\WeatherGuide\app\components\settingMenu\switcher\index.js
FN:3,_interopRequireDefault
FN:3,_getRequireWildcardCache
FN:3,_getRequireWildcardCache
FN:3,_interopRequireWildcard
FN:3,_slicedToArray
FN:3,_nonIterableRest
FN:3,_iterableToArrayLimit
FN:3,_arrayWithHoles
FN:5,Switcher
FN:11,onValueChange
FNF:10
FNH:0
FNDA:0,_interopRequireDefault
FNDA:0,_getRequireWildcardCache
FNDA:0,_getRequireWildcardCache
FNDA:0,_interopRequireWildcard
FNDA:0,_slicedToArray
FNDA:0,_nonIterableRest
FNDA:0,_iterableToArrayLimit
FNDA:0,_arrayWithHoles
FNDA:0,Switcher
FNDA:0,onValueChange
DA:1,0
DA:2,0
DA:3,0
DA:5,0
DA:6,0
DA:8,0
DA:11,0
DA:29,0
LF:8
LH:0
BRDA:3,0,0,0
BRDA:3,0,1,0
BRDA:3,1,0,0
BRDA:3,1,1,0
BRDA:3,2,0,0
BRDA:3,2,1,0
BRDA:3,3,0,0
BRDA:3,3,1,0
BRDA:3,4,0,0
BRDA:3,4,1,0
BRDA:3,5,0,0
BRDA:3,5,1,0
BRDA:3,6,0,0
BRDA:3,6,1,0
BRDA:3,6,2,0
BRDA:3,7,0,0
BRDA:3,7,1,0
BRDA:3,8,0,0
BRDA:3,8,1,0
BRDA:3,9,0,0
BRDA:3,9,1,0
BRDA:3,10,0,0
BRDA:3,10,1,0
BRDA:3,11,0,0
BRDA:3,11,1,0
BRDA:3,12,0,0
BRDA:3,12,1,0
BRDA:3,13,0,0
BRDA:3,13,1,0
BRDA:3,13,2,0
BRDA:3,14,0,0
BRDA:3,14,1,0
BRDA:3,15,0,0
BRDA:3,15,1,0
BRDA:3,15,2,0
BRDA:3,16,0,0
BRDA:3,16,1,0
BRDA:3,17,0,0
BRDA:3,17,1,0
BRDA:3,18,0,0
BRDA:3,18,1,0
BRDA:3,19,0,0
BRDA:3,19,1,0
BRDA:3,20,0,0
BRDA:3,20,1,0
BRDA:3,21,0,0
BRDA:3,21,1,0
BRDA:3,22,0,0
BRDA:3,22,1,0
BRDA:3,23,0,0
BRDA:3,23,1,0
BRDA:3,24,0,0
BRDA:3,24,1,0
BRDA:3,25,0,0
BRDA:3,25,1,0
BRF:55
BRH:0
end_of_record
TN:
SF:D:\WeatherGuide\app\components\settingMenu\switcher\style.js
FNF:0
FNH:0
LF:0
LH:0
BRF:0
BRH:0
end_of_record
TN:
SF:D:\WeatherGuide\app\components\weatherBox\index.js
FN:5,_interopRequireDefault
FN:8,WeatherBox
FNF:2
FNH:2
FNDA:6,_interopRequireDefault
FNDA:1,WeatherBox
DA:1,2
DA:2,2
DA:3,2
DA:4,2
DA:5,6
DA:8,2
DA:9,1
DA:33,2
LF:8
LH:8
BRDA:5,0,0,4
BRDA:5,0,1,2
BRDA:5,1,0,6
BRDA:5,1,1,6
BRF:4
BRH:4
end_of_record
TN:
SF:D:\WeatherGuide\app\components\weatherBox\style.js
FN:2,_interopRequireDefault
FNF:1
FNH:1
FNDA:2,_interopRequireDefault
DA:1,2
DA:2,2
DA:4,2
DA:6,2
DA:71,2
LF:5
LH:5
BRDA:2,0,0,2
BRDA:2,0,1,0
BRDA:2,1,0,2
BRDA:2,1,1,2
BRF:4
BRH:3
end_of_record
TN:
SF:D:\WeatherGuide\app\components\weatherBox\weatherMock.js
FNF:0
FNH:0
DA:1,2
DA:2,2
DA:12,2
LF:3
LH:3
BRF:0
BRH:0
end_of_record
TN:
SF:D:\WeatherGuide\app\components\weatherChart\index.js
FN:5,_getRequireWildcardCache
FN:5,_getRequireWildcardCache
FN:5,_interopRequireWildcard
FN:5,_interopRequireDefault
FN:7,WeatherChart
FN:36,(anonymous_5)
FN:67,formatLabel
FNF:7
FNH:4
FNDA:0,_getRequireWildcardCache
FNDA:0,_getRequireWildcardCache
FNDA:2,_interopRequireWildcard
FNDA:4,_interopRequireDefault
FNDA:1,WeatherChart
FNDA:21,(anonymous_5)
FNDA:0,formatLabel
DA:1,2
DA:2,2
DA:3,2
DA:4,2
DA:5,4
DA:8,1
DA:27,1
DA:28,1
DA:30,1
DA:37,21
DA:67,0
LF:11
LH:10
BRDA:5,0,0,0
BRDA:5,0,1,0
BRDA:5,1,0,2
BRDA:5,1,1,0
BRDA:5,2,0,2
BRDA:5,2,1,2
BRDA:5,3,0,0
BRDA:5,3,1,0
BRDA:5,4,0,0
BRDA:5,4,1,0
BRDA:5,4,2,0
BRDA:5,5,0,0
BRDA:5,5,1,0
BRDA:5,6,0,0
BRDA:5,6,1,0
BRDA:5,7,0,0
BRDA:5,7,1,0
BRDA:5,8,0,0
BRDA:5,8,1,0
BRDA:5,9,0,0
BRDA:5,9,1,0
BRDA:5,10,0,0
BRDA:5,10,1,0
BRDA:5,11,0,0
BRDA:5,11,1,0
BRDA:5,11,2,0
BRDA:5,12,0,0
BRDA:5,12,1,0
BRDA:5,13,0,2
BRDA:5,13,1,2
BRDA:5,14,0,4
BRDA:5,14,1,4
BRF:32
BRH:7
end_of_record
TN:
SF:D:\WeatherGuide\app\navigation\drawer.js
FN:4,_interopRequireDefault
FNF:1
FNH:0
FNDA:0,_interopRequireDefault
DA:1,0
DA:2,0
DA:3,0
DA:4,0
DA:7,0
DA:13,0
LF:6
LH:0
BRDA:4,0,0,0
BRDA:4,0,1,0
BRDA:4,1,0,0
BRDA:4,1,1,0
BRF:4
BRH:0
end_of_record
TN:
SF:D:\WeatherGuide\app\navigation\navigation.js
FN:4,_interopRequireDefault
FNF:1
FNH:0
FNDA:0,_interopRequireDefault
DA:1,0
DA:2,0
DA:3,0
DA:4,0
DA:6,0
DA:18,0
LF:6
LH:0
BRDA:4,0,0,0
BRDA:4,0,1,0
BRDA:4,1,0,0
BRDA:4,1,1,0
BRF:4
BRH:0
end_of_record
TN:
SF:D:\WeatherGuide\app\navigation\stack.js
FN:8,_interopRequireDefault
FNF:1
FNH:0
FNDA:0,_interopRequireDefault
DA:1,0
DA:2,0
DA:3,0
DA:4,0
DA:5,0
DA:6,0
DA:7,0
DA:8,0
DA:10,0
DA:15,0
DA:19,0
DA:53,0
LF:12
LH:0
BRDA:8,0,0,0
BRDA:8,0,1,0
BRDA:8,1,0,0
BRDA:8,1,1,0
BRF:4
BRH:0
end_of_record
TN:
SF:D:\WeatherGuide\app\navigation\tabnavigation.js
FN:6,_interopRequireDefault
FNF:1
FNH:0
FNDA:0,_interopRequireDefault
DA:1,0
DA:2,0
DA:3,0
DA:4,0
DA:5,0
DA:6,0
DA:8,0
DA:25,0
LF:8
LH:0
BRDA:6,0,0,0
BRDA:6,0,1,0
BRDA:6,1,0,0
BRDA:6,1,1,0
BRF:4
BRH:0
end_of_record
TN:
SF:D:\WeatherGuide\app\redux\reducers\reducer.js
FN:1,someReducer
FNF:1
FNH:0
FNDA:0,someReducer
DA:1,0
DA:2,0
LF:2
LH:0
BRF:0
BRH:0
end_of_record
TN:
SF:D:\WeatherGuide\app\screens\drawerContent\index.js
FN:7,_interopRequireDefault
FN:9,DrawerContent
FN:15,(anonymous_2)
FN:17,(anonymous_3)
FNF:4
FNH:0
FNDA:0,_interopRequireDefault
FNDA:0,DrawerContent
FNDA:0,(anonymous_2)
FNDA:0,(anonymous_3)
DA:1,0
DA:2,0
DA:3,0
DA:4,0
DA:5,0
DA:6,0
DA:7,0
DA:9,0
DA:10,0
DA:15,0
DA:16,0
DA:17,0
DA:29,0
LF:13
LH:0
BRDA:7,0,0,0
BRDA:7,0,1,0
BRDA:7,1,0,0
BRDA:7,1,1,0
BRDA:17,2,0,0
BRDA:17,2,1,0
BRF:6
BRH:0
end_of_record
TN:
SF:D:\WeatherGuide\app\screens\drawerContent\style.js
FN:2,_interopRequireDefault
FNF:1
FNH:0
FNDA:0,_interopRequireDefault
DA:1,0
DA:2,0
DA:4,0
DA:33,0
LF:4
LH:0
BRDA:2,0,0,0
BRDA:2,0,1,0
BRDA:2,1,0,0
BRDA:2,1,1,0
BRF:4
BRH:0
end_of_record
TN:
SF:D:\WeatherGuide\app\screens\gMap\index.js
FN:3,_interopRequireDefault
FN:3,_getRequireWildcardCache
FN:3,_getRequireWildcardCache
FN:3,_interopRequireWildcard
FN:7,MapMe
FNF:5
FNH:4
FNDA:1,_interopRequireDefault
FNDA:1,_getRequireWildcardCache
FNDA:0,_getRequireWildcardCache
FNDA:2,_interopRequireWildcard
FNDA:1,MapMe
DA:1,1
DA:2,1
DA:3,30
DA:5,1
DA:7,1
DA:9,1
DA:41,1
LF:7
LH:7
BRDA:3,0,0,1
BRDA:3,0,1,0
BRDA:3,1,0,1
BRDA:3,1,1,1
BRDA:3,2,0,0
BRDA:3,2,1,1
BRDA:3,3,0,1
BRDA:3,3,1,1
BRDA:3,4,0,2
BRDA:3,4,1,2
BRDA:3,5,0,0
BRDA:3,5,1,1
BRDA:3,6,0,1
BRDA:3,6,1,1
BRDA:3,6,2,0
BRDA:3,7,0,0
BRDA:3,7,1,1
BRDA:3,8,0,1
BRDA:3,8,1,1
BRDA:3,9,0,1
BRDA:3,9,1,1
BRDA:3,10,0,30
BRDA:3,10,1,0
BRDA:3,11,0,30
BRDA:3,11,1,0
BRDA:3,12,0,0
BRDA:3,12,1,30
BRDA:3,13,0,30
BRDA:3,13,1,30
BRDA:3,13,2,30
BRDA:3,14,0,1
BRDA:3,14,1,0
BRF:32
BRH:23
end_of_record
TN:
SF:D:\WeatherGuide\app\screens\gMap\style.js
FN:1,ownKeys
FN:1,(anonymous_1)
FN:1,_objectSpread
FN:1,(anonymous_3)
FN:1,(anonymous_4)
FN:1,_defineProperty
FNF:6
FNH:4
FNDA:2,ownKeys
FNDA:0,(anonymous_1)
FNDA:2,_objectSpread
FNDA:10,(anonymous_3)
FNDA:0,(anonymous_4)
FNDA:10,_defineProperty
DA:1,10
DA:4,1
DA:17,1
LF:3
LH:3
BRDA:1,0,0,2
BRDA:1,0,1,0
BRDA:1,1,0,2
BRDA:1,1,1,0
BRDA:1,2,0,3
BRDA:1,2,1,0
BRDA:1,3,0,2
BRDA:1,3,1,1
BRDA:1,4,0,1
BRDA:1,4,1,0
BRDA:1,5,0,0
BRDA:1,5,1,10
BRF:12
BRH:7
end_of_record
TN:
SF:D:\WeatherGuide\app\screens\locationFind\index.js
FN:6,_interopRequireDefault
FN:6,_getRequireWildcardCache
FN:6,_getRequireWildcardCache
FN:6,_interopRequireWildcard
FN:6,_slicedToArray
FN:6,_nonIterableRest
FN:6,_iterableToArrayLimit
FN:6,_arrayWithHoles
FN:9,LocationFind
FN:19,onPress
FNF:10
FNH:0
FNDA:0,_interopRequireDefault
FNDA:0,_getRequireWildcardCache
FNDA:0,_getRequireWildcardCache
FNDA:0,_interopRequireWildcard
FNDA:0,_slicedToArray
FNDA:0,_nonIterableRest
FNDA:0,_iterableToArrayLimit
FNDA:0,_arrayWithHoles
FNDA:0,LocationFind
FNDA:0,onPress
DA:1,0
DA:2,0
DA:3,0
DA:4,0
DA:5,0
DA:6,0
DA:9,0
DA:10,0
DA:11,0
DA:19,0
DA:27,0
LF:11
LH:0
BRDA:6,0,0,0
BRDA:6,0,1,0
BRDA:6,1,0,0
BRDA:6,1,1,0
BRDA:6,2,0,0
BRDA:6,2,1,0
BRDA:6,3,0,0
BRDA:6,3,1,0
BRDA:6,4,0,0
BRDA:6,4,1,0
BRDA:6,5,0,0
BRDA:6,5,1,0
BRDA:6,6,0,0
BRDA:6,6,1,0
BRDA:6,6,2,0
BRDA:6,7,0,0
BRDA:6,7,1,0
BRDA:6,8,0,0
BRDA:6,8,1,0
BRDA:6,9,0,0
BRDA:6,9,1,0
BRDA:6,10,0,0
BRDA:6,10,1,0
BRDA:6,11,0,0
BRDA:6,11,1,0
BRDA:6,12,0,0
BRDA:6,12,1,0
BRDA:6,13,0,0
BRDA:6,13,1,0
BRDA:6,13,2,0
BRDA:6,14,0,0
BRDA:6,14,1,0
BRDA:6,15,0,0
BRDA:6,15,1,0
BRDA:6,15,2,0
BRDA:6,16,0,0
BRDA:6,16,1,0
BRDA:6,17,0,0
BRDA:6,17,1,0
BRDA:6,18,0,0
BRDA:6,18,1,0
BRDA:6,19,0,0
BRDA:6,19,1,0
BRDA:6,20,0,0
BRDA:6,20,1,0
BRDA:6,21,0,0
BRDA:6,21,1,0
BRDA:6,22,0,0
BRDA:6,22,1,0
BRDA:6,23,0,0
BRDA:6,23,1,0
BRDA:6,24,0,0
BRDA:6,24,1,0
BRDA:6,25,0,0
BRDA:6,25,1,0
BRF:55
BRH:0
end_of_record
TN:
SF:D:\WeatherGuide\app\screens\locationFind\style.js
FNF:0
FNH:0
LF:0
LH:0
BRF:0
BRH:0
end_of_record
TN:
SF:D:\WeatherGuide\app\screens\locationsScreen\index.js
FN:6,_interopRequireDefault
FN:6,_getRequireWildcardCache
FN:6,_getRequireWildcardCache
FN:6,_interopRequireWildcard
FN:6,_slicedToArray
FN:6,_nonIterableRest
FN:6,_iterableToArrayLimit
FN:6,_arrayWithHoles
FN:8,Locations
FN:12,onPress
FN:22,onValueChange
FNF:11
FNH:0
FNDA:0,_interopRequireDefault
FNDA:0,_getRequireWildcardCache
FNDA:0,_getRequireWildcardCache
FNDA:0,_interopRequireWildcard
FNDA:0,_slicedToArray
FNDA:0,_nonIterableRest
FNDA:0,_iterableToArrayLimit
FNDA:0,_arrayWithHoles
FNDA:0,Locations
FNDA:0,onPress
FNDA:0,onValueChange
DA:1,0
DA:2,0
DA:3,0
DA:4,0
DA:5,0
DA:6,0
DA:8,0
DA:9,0
DA:10,0
DA:12,0
DA:22,0
DA:41,0
LF:12
LH:0
BRDA:6,0,0,0
BRDA:6,0,1,0
BRDA:6,1,0,0
BRDA:6,1,1,0
BRDA:6,2,0,0
BRDA:6,2,1,0
BRDA:6,3,0,0
BRDA:6,3,1,0
BRDA:6,4,0,0
BRDA:6,4,1,0
BRDA:6,5,0,0
BRDA:6,5,1,0
BRDA:6,6,0,0
BRDA:6,6,1,0
BRDA:6,6,2,0
BRDA:6,7,0,0
BRDA:6,7,1,0
BRDA:6,8,0,0
BRDA:6,8,1,0
BRDA:6,9,0,0
BRDA:6,9,1,0
BRDA:6,10,0,0
BRDA:6,10,1,0
BRDA:6,11,0,0
BRDA:6,11,1,0
BRDA:6,12,0,0
BRDA:6,12,1,0
BRDA:6,13,0,0
BRDA:6,13,1,0
BRDA:6,13,2,0
BRDA:6,14,0,0
BRDA:6,14,1,0
BRDA:6,15,0,0
BRDA:6,15,1,0
BRDA:6,15,2,0
BRDA:6,16,0,0
BRDA:6,16,1,0
BRDA:6,17,0,0
BRDA:6,17,1,0
BRDA:6,18,0,0
BRDA:6,18,1,0
BRDA:6,19,0,0
BRDA:6,19,1,0
BRDA:6,20,0,0
BRDA:6,20,1,0
BRDA:6,21,0,0
BRDA:6,21,1,0
BRDA:6,22,0,0
BRDA:6,22,1,0
BRDA:6,23,0,0
BRDA:6,23,1,0
BRDA:6,24,0,0
BRDA:6,24,1,0
BRDA:6,25,0,0
BRDA:6,25,1,0
BRF:55
BRH:0
end_of_record
TN:
SF:D:\WeatherGuide\app\screens\locationsScreen\style.js
FNF:0
FNH:0
LF:0
LH:0
BRF:0
BRH:0
end_of_record
TN:
SF:D:\WeatherGuide\app\screens\loginScreen\index.js
FN:6,_interopRequireDefault
FN:8,LoginScreen
FNF:2
FNH:0
FNDA:0,_interopRequireDefault
FNDA:0,LoginScreen
DA:1,0
DA:2,0
DA:3,0
DA:4,0
DA:5,0
DA:6,0
DA:8,0
DA:9,0
DA:20,0
LF:9
LH:0
BRDA:6,0,0,0
BRDA:6,0,1,0
BRDA:6,1,0,0
BRDA:6,1,1,0
BRF:4
BRH:0
end_of_record
TN:
SF:D:\WeatherGuide\app\screens\loginScreen\style.js
FN:2,_interopRequireDefault
FNF:1
FNH:0
FNDA:0,_interopRequireDefault
DA:1,0
DA:2,0
DA:4,0
DA:6,0
DA:108,0
LF:5
LH:0
BRDA:2,0,0,0
BRDA:2,0,1,0
BRDA:2,1,0,0
BRDA:2,1,1,0
BRF:4
BRH:0
end_of_record
TN:
SF:D:\WeatherGuide\app\screens\mainScreen\index.js
FN:5,_interopRequireDefault
FN:8,MainScreen
FNF:2
FNH:2
FNDA:3,_interopRequireDefault
FNDA:1,MainScreen
DA:1,1
DA:2,1
DA:3,1
DA:4,1
DA:5,3
DA:8,1
DA:9,1
DA:22,1
LF:8
LH:8
BRDA:5,0,0,2
BRDA:5,0,1,1
BRDA:5,1,0,3
BRDA:5,1,1,3
BRF:4
BRH:4
end_of_record
TN:
SF:D:\WeatherGuide\app\screens\mainScreen\style.js
FN:2,_interopRequireDefault
FNF:1
FNH:1
FNDA:1,_interopRequireDefault
DA:1,1
DA:2,1
DA:4,1
DA:6,1
DA:17,1
LF:5
LH:5
BRDA:2,0,0,1
BRDA:2,0,1,0
BRDA:2,1,0,1
BRDA:2,1,1,1
BRF:4
BRH:3
end_of_record
TN:
SF:D:\WeatherGuide\app\screens\registrScreen\index.js
FN:6,_interopRequireDefault
FN:8,RegistrScreen
FNF:2
FNH:0
FNDA:0,_interopRequireDefault
FNDA:0,RegistrScreen
DA:1,0
DA:2,0
DA:3,0
DA:4,0
DA:5,0
DA:6,0
DA:8,0
DA:10,0
DA:20,0
LF:9
LH:0
BRDA:6,0,0,0
BRDA:6,0,1,0
BRDA:6,1,0,0
BRDA:6,1,1,0
BRF:4
BRH:0
end_of_record
TN:
SF:D:\WeatherGuide\app\screens\registrScreen\style.js
FN:2,_interopRequireDefault
FNF:1
FNH:0
FNDA:0,_interopRequireDefault
DA:1,0
DA:2,0
DA:4,0
DA:6,0
DA:61,0
LF:5
LH:0
BRDA:2,0,0,0
BRDA:2,0,1,0
BRDA:2,1,0,0
BRDA:2,1,1,0
BRF:4
BRH:0
end_of_record
TN:
SF:D:\WeatherGuide\app\screens\secondScreen\index.js
FN:6,_interopRequireDefault
FN:8,SecondPage
FN:12,onPress
FNF:3
FNH:0
FNDA:0,_interopRequireDefault
FNDA:0,SecondPage
FNDA:0,onPress
DA:1,0
DA:2,0
DA:3,0
DA:4,0
DA:5,0
DA:6,0
DA:8,0
DA:9,0
DA:12,0
DA:20,0
LF:10
LH:0
BRDA:6,0,0,0
BRDA:6,0,1,0
BRDA:6,1,0,0
BRDA:6,1,1,0
BRF:4
BRH:0
end_of_record
TN:
SF:D:\WeatherGuide\app\screens\secondScreen\style.js
FN:2,_interopRequireDefault
FNF:1
FNH:0
FNDA:0,_interopRequireDefault
DA:1,0
DA:2,0
DA:4,0
DA:5,0
DA:29,0
LF:5
LH:0
BRDA:2,0,0,0
BRDA:2,0,1,0
BRDA:2,1,0,0
BRDA:2,1,1,0
BRF:4
BRH:0
end_of_record
TN:
SF:D:\WeatherGuide\app\screens\settingsScreen\index.js
FN:6,_interopRequireDefault
FN:8,SettingScreen
FNF:2
FNH:0
FNDA:0,_interopRequireDefault
FNDA:0,SettingScreen
DA:1,0
DA:2,0
DA:3,0
DA:4,0
DA:5,0
DA:6,0
DA:8,0
DA:10,0
DA:18,0
LF:9
LH:0
BRDA:6,0,0,0
BRDA:6,0,1,0
BRDA:6,1,0,0
BRDA:6,1,1,0
BRF:4
BRH:0
end_of_record
TN:
SF:D:\WeatherGuide\app\screens\settingsScreen\style.js
FN:2,_interopRequireDefault
FNF:1
FNH:0
FNDA:0,_interopRequireDefault
DA:1,0
DA:2,0
DA:4,0
DA:16,0
LF:4
LH:0
BRDA:2,0,0,0
BRDA:2,0,1,0
BRDA:2,1,0,0
BRDA:2,1,1,0
BRF:4
BRH:0
end_of_record
TN:
SF:D:\WeatherGuide\app\screens\splashScreen\index.js
FN:6,_interopRequireDefault
FN:6,_getRequireWildcardCache
FN:6,_getRequireWildcardCache
FN:6,_interopRequireWildcard
FN:6,_classCallCheck
FN:6,_defineProperties
FN:6,_createClass
FN:6,_possibleConstructorReturn
FN:6,_assertThisInitialized
FN:6,_getPrototypeOf
FN:6,_getPrototypeOf
FN:6,_inherits
FN:6,_setPrototypeOf
FN:6,_setPrototypeOf
FN:9,(anonymous_14)
FN:9,SplashScreen
FN:9,componentDidMount
FN:13,(anonymous_17)
FN:16,render
FNF:19
FNH:0
FNDA:0,_interopRequireDefault
FNDA:0,_getRequireWildcardCache
FNDA:0,_getRequireWildcardCache
FNDA:0,_interopRequireWildcard
FNDA:0,_classCallCheck
FNDA:0,_defineProperties
FNDA:0,_createClass
FNDA:0,_possibleConstructorReturn
FNDA:0,_assertThisInitialized
FNDA:0,_getPrototypeOf
FNDA:0,_getPrototypeOf
FNDA:0,_inherits
FNDA:0,_setPrototypeOf
FNDA:0,_setPrototypeOf
FNDA:0,(anonymous_14)
FNDA:0,SplashScreen
FNDA:0,componentDidMount
FNDA:0,(anonymous_17)
FNDA:0,render
DA:1,0
DA:2,0
DA:3,0
DA:4,0
DA:5,0
DA:6,0
DA:9,0
DA:12,0
DA:13,0
DA:14,0
DA:19,0
DA:25,0
LF:12
LH:0
BRDA:6,0,0,0
BRDA:6,0,1,0
BRDA:6,1,0,0
BRDA:6,1,1,0
BRDA:6,2,0,0
BRDA:6,2,1,0
BRDA:6,3,0,0
BRDA:6,3,1,0
BRDA:6,4,0,0
BRDA:6,4,1,0
BRDA:6,5,0,0
BRDA:6,5,1,0
BRDA:6,6,0,0
BRDA:6,6,1,0
BRDA:6,6,2,0
BRDA:6,7,0,0
BRDA:6,7,1,0
BRDA:6,8,0,0
BRDA:6,8,1,0
BRDA:6,9,0,0
BRDA:6,9,1,0
BRDA:6,10,0,0
BRDA:6,10,1,0
BRDA:6,11,0,0
BRDA:6,11,1,0
BRDA:6,12,0,0
BRDA:6,12,1,0
BRDA:6,13,0,0
BRDA:6,13,1,0
BRDA:6,13,2,0
BRDA:6,14,0,0
BRDA:6,14,1,0
BRDA:6,15,0,0
BRDA:6,15,1,0
BRDA:6,16,0,0
BRDA:6,16,1,0
BRDA:6,17,0,0
BRDA:6,17,1,0
BRDA:6,18,0,0
BRDA:6,18,1,0
BRDA:6,19,0,0
BRDA:6,19,1,0
BRDA:6,20,0,0
BRDA:6,20,1,0
BRDA:6,21,0,0
BRDA:6,21,1,0
BRDA:6,21,2,0
BRDA:6,22,0,0
BRDA:6,22,1,0
BRDA:6,23,0,0
BRDA:6,23,1,0
BRDA:6,24,0,0
BRDA:6,24,1,0
BRDA:6,25,0,0
BRDA:6,25,1,0
BRDA:6,26,0,0
BRDA:6,26,1,0
BRDA:6,27,0,0
BRDA:6,27,1,0
BRDA:6,28,0,0
BRDA:6,28,1,0
BRDA:6,29,0,0
BRDA:6,29,1,0
BRF:63
BRH:0
end_of_record
TN:
SF:D:\WeatherGuide\app\screens\splashScreen\style.js
FN:2,_interopRequireDefault
FNF:1
FNH:0
FNDA:0,_interopRequireDefault
DA:1,0
DA:2,0
DA:5,0
DA:14,0
LF:4
LH:0
BRDA:2,0,0,0
BRDA:2,0,1,0
BRDA:2,1,0,0
BRDA:2,1,1,0
BRF:4
BRH:0
end_of_record
TN:
SF:D:\WeatherGuide\app\services\constans\colors.js
FNF:0
FNH:0
DA:1,6
DA:11,6
LF:2
LH:2
BRF:0
BRH:0
end_of_record
TN:
SF:D:\WeatherGuide\app\services\constans\images.js
FNF:0
FNH:0
DA:1,3
DA:2,3
DA:8,3
LF:3
LH:3
BRF:0
BRH:0
end_of_record
TN:
SF:D:\WeatherGuide\app\services\constans\navComp.js
FN:6,_interopRequireDefault
FN:34,NavOptions
FN:41,headerLeft
FN:42,headerRight
FN:45,tabBarIcon
FN:52,contentComponent
FNF:6
FNH:0
FNDA:0,_interopRequireDefault
FNDA:0,NavOptions
FNDA:0,headerLeft
FNDA:0,headerRight
FNDA:0,tabBarIcon
FNDA:0,contentComponent
DA:1,0
DA:2,0
DA:3,0
DA:4,0
DA:5,0
DA:6,0
DA:9,0
DA:34,0
DA:41,0
DA:42,0
DA:45,0
DA:52,0
LF:12
LH:0
BRDA:6,0,0,0
BRDA:6,0,1,0
BRDA:6,1,0,0
BRDA:6,1,1,0
BRF:4
BRH:0
end_of_record
TN:
SF:D:\WeatherGuide\app\services\constans\icons\iconsEntypo\index.js
FN:3,_interopRequireDefault
FNF:1
FNH:1
FNDA:3,_interopRequireDefault
DA:1,1
DA:2,1
DA:3,3
DA:5,1
DA:7,1
LF:5
LH:5
BRDA:3,0,0,2
BRDA:3,0,1,1
BRDA:3,1,0,3
BRDA:3,1,1,3
BRF:4
BRH:4
end_of_record
TN:
SF:D:\WeatherGuide\app\services\constans\icons\iconsMaterialComunityIcons\index.js
FN:2,_interopRequireDefault
FNF:1
FNH:0
FNDA:0,_interopRequireDefault
DA:1,0
DA:2,0
DA:5,0
DA:7,0
LF:4
LH:0
BRDA:2,0,0,0
BRDA:2,0,1,0
BRDA:2,1,0,0
BRDA:2,1,1,0
BRF:4
BRH:0
end_of_record
TN:
SF:D:\WeatherGuide\app\services\constans\routs\index.js
FNF:0
FNH:0
DA:1,0
DA:11,0
LF:2
LH:0
BRF:0
BRH:0
end_of_record
TN:
SF:D:\WeatherGuide\app\services\constans\texts\index.js
FNF:0
FNH:0
DA:1,0
DA:26,0
LF:2
LH:0
BRF:0
BRH:0
end_of_record
