TN:
SF:app\components\additionalHeaderLeft\index.js
FN:3,_interopRequireDefault
FN:5,AdditionalHeaderLeft
FN:9,onPress
FNF:3
FNH:2
FNDA:2,_interopRequireDefault
FNDA:1,AdditionalHeaderLeft
FNDA:0,onPress
DA:1,1
DA:2,1
DA:3,2
DA:5,1
DA:6,1
DA:9,0
DA:15,1
LF:7
LH:6
BRDA:3,0,0,1
BRDA:3,0,1,1
BRDA:3,1,0,2
BRDA:3,1,1,2
BRF:4
BRH:4
end_of_record
TN:
SF:app\components\backgroundImage\index.js
FN:3,_interopRequireDefault
FN:5,BackgroundImage
FNF:2
FNH:2
FNDA:2,_interopRequireDefault
FNDA:1,BackgroundImage
DA:1,1
DA:2,1
DA:3,2
DA:5,1
DA:6,1
DA:7,1
DA:14,0
LF:7
LH:6
BRDA:3,0,0,1
BRDA:3,0,1,1
BRDA:3,1,0,2
BRDA:3,1,1,2
BRDA:6,2,0,1
BRDA:6,2,1,0
BRF:6
BRH:5
end_of_record
TN:
SF:app\components\bottomButtons\index.js
FN:5,_interopRequireDefault
FN:7,BottomButtons
FN:10,onPress
FN:13,onPress
FNF:4
FNH:2
FNDA:4,_interopRequireDefault
FNDA:1,BottomButtons
FNDA:0,onPress
FNDA:0,onPress
DA:1,1
DA:2,1
DA:3,1
DA:4,1
DA:5,4
DA:7,1
DA:8,1
DA:10,0
DA:13,0
DA:20,1
LF:10
LH:8
BRDA:5,0,0,3
BRDA:5,0,1,1
BRDA:5,1,0,4
BRDA:5,1,1,4
BRF:4
BRH:4
end_of_record
TN:
SF:app\components\bottomButtons\style.js
FN:2,_interopRequireDefault
FNF:1
FNH:1
FNDA:1,_interopRequireDefault
DA:1,1
DA:2,1
DA:4,1
DA:12,1
LF:4
LH:4
BRDA:2,0,0,1
BRDA:2,0,1,0
BRDA:2,1,0,1
BRDA:2,1,1,1
BRF:4
BRH:3
end_of_record
TN:
SF:app\components\checkLogin\index.js
FN:3,_interopRequireDefault
FN:5,CheckLogin
FN:5,CheckLogin$
FNF:3
FNH:0
FNDA:0,_interopRequireDefault
FNDA:0,CheckLogin
FNDA:0,CheckLogin$
DA:1,0
DA:2,0
DA:3,0
DA:5,0
DA:6,0
DA:8,0
DA:10,0
DA:13,0
LF:8
LH:0
BRDA:3,0,0,0
BRDA:3,0,1,0
BRDA:3,1,0,0
BRDA:3,1,1,0
BRDA:5,2,0,0
BRDA:5,2,1,0
BRDA:5,2,2,0
BRDA:5,2,3,0
BRDA:5,2,4,0
BRDA:5,3,0,0
BRDA:5,3,1,0
BRDA:6,4,0,0
BRDA:6,4,1,0
BRF:13
BRH:0
end_of_record
TN:
SF:app\components\detailComp\detailBox\index.js
FN:7,_interopRequireDefault
FN:7,_getRequireWildcardCache
FN:7,_getRequireWildcardCache
FN:7,_interopRequireWildcard
FN:7,_slicedToArray
FN:7,_nonIterableRest
FN:7,_iterableToArrayLimit
FN:7,_arrayWithHoles
FN:9,DetailsComp
FNF:9
FNH:0
FNDA:0,_interopRequireDefault
FNDA:0,_getRequireWildcardCache
FNDA:0,_getRequireWildcardCache
FNDA:0,_interopRequireWildcard
FNDA:0,_slicedToArray
FNDA:0,_nonIterableRest
FNDA:0,_iterableToArrayLimit
FNDA:0,_arrayWithHoles
FNDA:0,DetailsComp
DA:1,0
DA:2,0
DA:3,0
DA:4,0
DA:5,0
DA:6,0
DA:7,0
DA:9,0
DA:10,0
DA:11,0
DA:24,0
LF:11
LH:0
BRDA:7,0,0,0
BRDA:7,0,1,0
BRDA:7,1,0,0
BRDA:7,1,1,0
BRDA:7,2,0,0
BRDA:7,2,1,0
BRDA:7,3,0,0
BRDA:7,3,1,0
BRDA:7,4,0,0
BRDA:7,4,1,0
BRDA:7,5,0,0
BRDA:7,5,1,0
BRDA:7,6,0,0
BRDA:7,6,1,0
BRDA:7,6,2,0
BRDA:7,7,0,0
BRDA:7,7,1,0
BRDA:7,8,0,0
BRDA:7,8,1,0
BRDA:7,9,0,0
BRDA:7,9,1,0
BRDA:7,10,0,0
BRDA:7,10,1,0
BRDA:7,11,0,0
BRDA:7,11,1,0
BRDA:7,12,0,0
BRDA:7,12,1,0
BRDA:7,13,0,0
BRDA:7,13,1,0
BRDA:7,13,2,0
BRDA:7,14,0,0
BRDA:7,14,1,0
BRDA:7,15,0,0
BRDA:7,15,1,0
BRDA:7,15,2,0
BRDA:7,16,0,0
BRDA:7,16,1,0
BRDA:7,17,0,0
BRDA:7,17,1,0
BRDA:7,18,0,0
BRDA:7,18,1,0
BRDA:7,19,0,0
BRDA:7,19,1,0
BRDA:7,20,0,0
BRDA:7,20,1,0
BRDA:7,21,0,0
BRDA:7,21,1,0
BRDA:7,22,0,0
BRDA:7,22,1,0
BRDA:7,23,0,0
BRDA:7,23,1,0
BRDA:7,24,0,0
BRDA:7,24,1,0
BRDA:7,25,0,0
BRDA:7,25,1,0
BRF:55
BRH:0
end_of_record
TN:
SF:app\components\detailComp\detailBox\styles.js
FN:2,_interopRequireDefault
FNF:1
FNH:0
FNDA:0,_interopRequireDefault
DA:1,0
DA:2,0
DA:4,0
DA:13,0
LF:4
LH:0
BRDA:2,0,0,0
BRDA:2,0,1,0
BRDA:2,1,0,0
BRDA:2,1,1,0
BRF:4
BRH:0
end_of_record
TN:
SF:app\components\detailComp\detailButt\index.js
FN:4,_interopRequireDefault
FN:6,DetailsButt
FN:10,onPress
FNF:3
FNH:0
FNDA:0,_interopRequireDefault
FNDA:0,DetailsButt
FNDA:0,onPress
DA:1,0
DA:2,0
DA:3,0
DA:4,0
DA:6,0
DA:7,0
DA:10,0
DA:16,0
LF:8
LH:0
BRDA:4,0,0,0
BRDA:4,0,1,0
BRDA:4,1,0,0
BRDA:4,1,1,0
BRF:4
BRH:0
end_of_record
TN:
SF:app\components\detailComp\detailButt\styles.js
FNF:0
FNH:0
DA:1,0
DA:3,0
DA:16,0
LF:3
LH:0
BRF:0
BRH:0
end_of_record
TN:
SF:app\components\detailComp\detailHead\index.js
FN:5,_interopRequireDefault
FN:7,DetailsHead
FNF:2
FNH:0
FNDA:0,_interopRequireDefault
FNDA:0,DetailsHead
DA:1,0
DA:2,0
DA:3,0
DA:4,0
DA:5,0
DA:7,0
DA:8,0
DA:29,0
LF:8
LH:0
BRDA:5,0,0,0
BRDA:5,0,1,0
BRDA:5,1,0,0
BRDA:5,1,1,0
BRF:4
BRH:0
end_of_record
TN:
SF:app\components\detailComp\detailHead\style.js
FN:2,_interopRequireDefault
FNF:1
FNH:0
FNDA:0,_interopRequireDefault
DA:1,0
DA:2,0
DA:4,0
DA:58,0
LF:4
LH:0
BRDA:2,0,0,0
BRDA:2,0,1,0
BRDA:2,1,0,0
BRDA:2,1,1,0
BRF:4
BRH:0
end_of_record
TN:
SF:app\components\detailComp\detailTxt\index.js
FN:4,_interopRequireDefault
FN:6,DetailsText
FNF:2
FNH:0
FNDA:0,_interopRequireDefault
FNDA:0,DetailsText
DA:1,0
DA:2,0
DA:3,0
DA:4,0
DA:6,0
DA:7,0
DA:27,0
LF:7
LH:0
BRDA:4,0,0,0
BRDA:4,0,1,0
BRDA:4,1,0,0
BRDA:4,1,1,0
BRF:4
BRH:0
end_of_record
TN:
SF:app\components\detailComp\detailTxt\style.js
FNF:0
FNH:0
DA:1,0
DA:3,0
DA:20,0
LF:3
LH:0
BRF:0
BRH:0
end_of_record
TN:
SF:app\components\detailComp\modalView\index.js
FN:5,_interopRequireDefault
FN:7,ModalView
FN:13,onRequestClose
FNF:3
FNH:0
FNDA:0,_interopRequireDefault
FNDA:0,ModalView
FNDA:0,onRequestClose
DA:1,0
DA:2,0
DA:3,0
DA:4,0
DA:5,0
DA:7,0
DA:8,0
DA:14,0
DA:24,0
LF:9
LH:0
BRDA:5,0,0,0
BRDA:5,0,1,0
BRDA:5,1,0,0
BRDA:5,1,1,0
BRF:4
BRH:0
end_of_record
TN:
SF:app\components\detailComp\modalView\styles.js
FNF:0
FNH:0
DA:1,0
DA:3,0
DA:17,0
LF:3
LH:0
BRF:0
BRH:0
end_of_record
TN:
SF:app\components\detailComp\modalView\modalHead\index.js
FN:6,_interopRequireDefault
FN:8,ModalHead
FN:28,onPress
FNF:3
FNH:0
FNDA:0,_interopRequireDefault
FNDA:0,ModalHead
FNDA:0,onPress
DA:1,0
DA:2,0
DA:3,0
DA:4,0
DA:5,0
DA:6,0
DA:8,0
DA:9,0
DA:29,0
DA:37,0
LF:10
LH:0
BRDA:6,0,0,0
BRDA:6,0,1,0
BRDA:6,1,0,0
BRDA:6,1,1,0
BRF:4
BRH:0
end_of_record
TN:
SF:app\components\detailComp\modalView\modalHead\style.js
FN:2,_interopRequireDefault
FNF:1
FNH:0
FNDA:0,_interopRequireDefault
DA:1,0
DA:2,0
DA:4,0
DA:62,0
LF:4
LH:0
BRDA:2,0,0,0
BRDA:2,0,1,0
BRDA:2,1,0,0
BRDA:2,1,1,0
BRF:4
BRH:0
end_of_record
TN:
SF:app\components\detailComp\modalView\modalTxt\index.js
FN:4,_interopRequireDefault
FN:6,ModalTxt
FNF:2
FNH:0
FNDA:0,_interopRequireDefault
FNDA:0,ModalTxt
DA:1,0
DA:2,0
DA:3,0
DA:4,0
DA:6,0
DA:7,0
DA:23,0
LF:7
LH:0
BRDA:4,0,0,0
BRDA:4,0,1,0
BRDA:4,1,0,0
BRDA:4,1,1,0
BRF:4
BRH:0
end_of_record
TN:
SF:app\components\detailComp\modalView\modalTxt\style.js
FNF:0
FNH:0
DA:1,0
DA:3,0
DA:15,0
LF:3
LH:0
BRF:0
BRH:0
end_of_record
TN:
SF:app\components\detailsForWeek\detailBoxForWeek\index.js
FN:7,_interopRequireDefault
FN:7,_getRequireWildcardCache
FN:7,_getRequireWildcardCache
FN:7,_interopRequireWildcard
FN:7,_slicedToArray
FN:7,_nonIterableRest
FN:7,_iterableToArrayLimit
FN:7,_arrayWithHoles
FN:9,DetailsCompWeek
FNF:9
FNH:0
FNDA:0,_interopRequireDefault
FNDA:0,_getRequireWildcardCache
FNDA:0,_getRequireWildcardCache
FNDA:0,_interopRequireWildcard
FNDA:0,_slicedToArray
FNDA:0,_nonIterableRest
FNDA:0,_iterableToArrayLimit
FNDA:0,_arrayWithHoles
FNDA:0,DetailsCompWeek
DA:1,0
DA:2,0
DA:3,0
DA:4,0
DA:5,0
DA:6,0
DA:7,0
DA:9,0
DA:10,0
DA:11,0
DA:24,0
LF:11
LH:0
BRDA:7,0,0,0
BRDA:7,0,1,0
BRDA:7,1,0,0
BRDA:7,1,1,0
BRDA:7,2,0,0
BRDA:7,2,1,0
BRDA:7,3,0,0
BRDA:7,3,1,0
BRDA:7,4,0,0
BRDA:7,4,1,0
BRDA:7,5,0,0
BRDA:7,5,1,0
BRDA:7,6,0,0
BRDA:7,6,1,0
BRDA:7,6,2,0
BRDA:7,7,0,0
BRDA:7,7,1,0
BRDA:7,8,0,0
BRDA:7,8,1,0
BRDA:7,9,0,0
BRDA:7,9,1,0
BRDA:7,10,0,0
BRDA:7,10,1,0
BRDA:7,11,0,0
BRDA:7,11,1,0
BRDA:7,12,0,0
BRDA:7,12,1,0
BRDA:7,13,0,0
BRDA:7,13,1,0
BRDA:7,13,2,0
BRDA:7,14,0,0
BRDA:7,14,1,0
BRDA:7,15,0,0
BRDA:7,15,1,0
BRDA:7,15,2,0
BRDA:7,16,0,0
BRDA:7,16,1,0
BRDA:7,17,0,0
BRDA:7,17,1,0
BRDA:7,18,0,0
BRDA:7,18,1,0
BRDA:7,19,0,0
BRDA:7,19,1,0
BRDA:7,20,0,0
BRDA:7,20,1,0
BRDA:7,21,0,0
BRDA:7,21,1,0
BRDA:7,22,0,0
BRDA:7,22,1,0
BRDA:7,23,0,0
BRDA:7,23,1,0
BRDA:7,24,0,0
BRDA:7,24,1,0
BRDA:7,25,0,0
BRDA:7,25,1,0
BRF:55
BRH:0
end_of_record
TN:
SF:app\components\detailsForWeek\detailBoxForWeek\styles.js
FN:2,_interopRequireDefault
FNF:1
FNH:0
FNDA:0,_interopRequireDefault
DA:1,0
DA:2,0
DA:4,0
DA:13,0
LF:4
LH:0
BRDA:2,0,0,0
BRDA:2,0,1,0
BRDA:2,1,0,0
BRDA:2,1,1,0
BRF:4
BRH:0
end_of_record
TN:
SF:app\components\detailsForWeek\detailButtForWeek\index.js
FN:4,_interopRequireDefault
FN:6,DetailsButtForWeek
FN:10,onPress
FNF:3
FNH:0
FNDA:0,_interopRequireDefault
FNDA:0,DetailsButtForWeek
FNDA:0,onPress
DA:1,0
DA:2,0
DA:3,0
DA:4,0
DA:6,0
DA:7,0
DA:10,0
DA:16,0
LF:8
LH:0
BRDA:4,0,0,0
BRDA:4,0,1,0
BRDA:4,1,0,0
BRDA:4,1,1,0
BRF:4
BRH:0
end_of_record
TN:
SF:app\components\detailsForWeek\detailButtForWeek\styles.js
FNF:0
FNH:0
DA:1,0
DA:3,0
DA:16,0
LF:3
LH:0
BRF:0
BRH:0
end_of_record
TN:
SF:app\components\detailsForWeek\detailHeadForWeek\index.js
FN:5,_interopRequireDefault
FN:7,DetailsHeadForWeak
FNF:2
FNH:0
FNDA:0,_interopRequireDefault
FNDA:0,DetailsHeadForWeak
DA:1,0
DA:2,0
DA:3,0
DA:4,0
DA:5,0
DA:7,0
DA:8,0
DA:29,0
LF:8
LH:0
BRDA:5,0,0,0
BRDA:5,0,1,0
BRDA:5,1,0,0
BRDA:5,1,1,0
BRF:4
BRH:0
end_of_record
TN:
SF:app\components\detailsForWeek\detailHeadForWeek\style.js
FN:2,_interopRequireDefault
FNF:1
FNH:0
FNDA:0,_interopRequireDefault
DA:1,0
DA:2,0
DA:4,0
DA:58,0
LF:4
LH:0
BRDA:2,0,0,0
BRDA:2,0,1,0
BRDA:2,1,0,0
BRDA:2,1,1,0
BRF:4
BRH:0
end_of_record
TN:
SF:app\components\detailsForWeek\detailTxtForWeek\index.js
FN:4,_interopRequireDefault
FN:6,DetailsTextForWeek
FNF:2
FNH:0
FNDA:0,_interopRequireDefault
FNDA:0,DetailsTextForWeek
DA:1,0
DA:2,0
DA:3,0
DA:4,0
DA:6,0
DA:7,0
DA:27,0
LF:7
LH:0
BRDA:4,0,0,0
BRDA:4,0,1,0
BRDA:4,1,0,0
BRDA:4,1,1,0
BRF:4
BRH:0
end_of_record
TN:
SF:app\components\detailsForWeek\detailTxtForWeek\style.js
FNF:0
FNH:0
DA:1,0
DA:3,0
DA:20,0
LF:3
LH:0
BRF:0
BRH:0
end_of_record
TN:
SF:app\components\detailsForWeek\modalViewForWeek\index.js
FN:5,_interopRequireDefault
FN:7,ModalViewForWeek
FN:13,onRequestClose
FNF:3
FNH:0
FNDA:0,_interopRequireDefault
FNDA:0,ModalViewForWeek
FNDA:0,onRequestClose
DA:1,0
DA:2,0
DA:3,0
DA:4,0
DA:5,0
DA:7,0
DA:8,0
DA:14,0
DA:24,0
LF:9
LH:0
BRDA:5,0,0,0
BRDA:5,0,1,0
BRDA:5,1,0,0
BRDA:5,1,1,0
BRF:4
BRH:0
end_of_record
TN:
SF:app\components\detailsForWeek\modalViewForWeek\styles.js
FNF:0
FNH:0
DA:1,0
DA:3,0
DA:17,0
LF:3
LH:0
BRF:0
BRH:0
end_of_record
TN:
SF:app\components\detailsForWeek\modalViewForWeek\modalHead\index.js
FN:6,_interopRequireDefault
FN:8,ModalHeadForWeek
FN:28,onPress
FNF:3
FNH:0
FNDA:0,_interopRequireDefault
FNDA:0,ModalHeadForWeek
FNDA:0,onPress
DA:1,0
DA:2,0
DA:3,0
DA:4,0
DA:5,0
DA:6,0
DA:8,0
DA:9,0
DA:29,0
DA:37,0
LF:10
LH:0
BRDA:6,0,0,0
BRDA:6,0,1,0
BRDA:6,1,0,0
BRDA:6,1,1,0
BRF:4
BRH:0
end_of_record
TN:
SF:app\components\detailsForWeek\modalViewForWeek\modalHead\style.js
FN:2,_interopRequireDefault
FNF:1
FNH:0
FNDA:0,_interopRequireDefault
DA:1,0
DA:2,0
DA:4,0
DA:62,0
LF:4
LH:0
BRDA:2,0,0,0
BRDA:2,0,1,0
BRDA:2,1,0,0
BRDA:2,1,1,0
BRF:4
BRH:0
end_of_record
TN:
SF:app\components\detailsForWeek\modalViewForWeek\modalTxt\index.js
FN:4,_interopRequireDefault
FN:6,ModalTxtForWeek
FNF:2
FNH:0
FNDA:0,_interopRequireDefault
FNDA:0,ModalTxtForWeek
DA:1,0
DA:2,0
DA:3,0
DA:4,0
DA:6,0
DA:7,0
DA:23,0
LF:7
LH:0
BRDA:4,0,0,0
BRDA:4,0,1,0
BRDA:4,1,0,0
BRDA:4,1,1,0
BRF:4
BRH:0
end_of_record
TN:
SF:app\components\detailsForWeek\modalViewForWeek\modalTxt\style.js
FNF:0
FNH:0
DA:1,0
DA:3,0
DA:15,0
LF:3
LH:0
BRF:0
BRH:0
end_of_record
TN:
SF:app\components\drawer\index.js
FN:3,_interopRequireDefault
FN:7,onPress
FN:12,onPress
FN:37,onPress
FN:47,onPress
FN:52,onPress
FN:57,onPress
FNF:7
FNH:0
FNDA:0,_interopRequireDefault
FNDA:0,onPress
FNDA:0,onPress
FNDA:0,onPress
FNDA:0,onPress
FNDA:0,onPress
FNDA:0,onPress
DA:1,0
DA:2,0
DA:3,0
DA:5,0
DA:7,0
DA:12,0
DA:37,0
DA:47,0
DA:52,0
DA:57,0
DA:63,0
LF:11
LH:0
BRDA:3,0,0,0
BRDA:3,0,1,0
BRDA:3,1,0,0
BRDA:3,1,1,0
BRF:4
BRH:0
end_of_record
TN:
SF:app\components\drawer\email\email.js
FN:1,_interopRequireDefault
FN:3,SendMail
FNF:2
FNH:0
FNDA:0,_interopRequireDefault
FNDA:0,SendMail
DA:1,0
DA:3,0
DA:4,0
DA:5,0
DA:10,0
LF:5
LH:0
BRDA:1,0,0,0
BRDA:1,0,1,0
BRDA:1,1,0,0
BRDA:1,1,1,0
BRF:4
BRH:0
end_of_record
TN:
SF:app\components\geolocation\index.js
FN:11,_interopRequireDefault
FN:11,_getRequireWildcardCache
FN:11,_getRequireWildcardCache
FN:11,_interopRequireWildcard
FN:11,_classCallCheck
FN:11,_defineProperties
FN:11,_createClass
FN:11,_possibleConstructorReturn
FN:11,_assertThisInitialized
FN:11,_getPrototypeOf
FN:11,_getPrototypeOf
FN:11,_inherits
FN:11,_setPrototypeOf
FN:11,_setPrototypeOf
FN:13,(anonymous_14)
FN:13,GetLocation
FN:21,_callee
FN:21,_callee$
FN:56,_callee2
FN:56,_callee2$
FN:61,(anonymous_20)
FN:63,(anonymous_21)
FN:67,(anonymous_22)
FN:90,_callee3
FN:90,_callee3$
FN:95,(anonymous_25)
FN:97,(anonymous_26)
FN:101,(anonymous_27)
FN:117,(anonymous_28)
FN:122,render
FNF:30
FNH:0
FNDA:0,_interopRequireDefault
FNDA:0,_getRequireWildcardCache
FNDA:0,_getRequireWildcardCache
FNDA:0,_interopRequireWildcard
FNDA:0,_classCallCheck
FNDA:0,_defineProperties
FNDA:0,_createClass
FNDA:0,_possibleConstructorReturn
FNDA:0,_assertThisInitialized
FNDA:0,_getPrototypeOf
FNDA:0,_getPrototypeOf
FNDA:0,_inherits
FNDA:0,_setPrototypeOf
FNDA:0,_setPrototypeOf
FNDA:0,(anonymous_14)
FNDA:0,GetLocation
FNDA:0,_callee
FNDA:0,_callee$
FNDA:0,_callee2
FNDA:0,_callee2$
FNDA:0,(anonymous_20)
FNDA:0,(anonymous_21)
FNDA:0,(anonymous_22)
FNDA:0,_callee3
FNDA:0,_callee3$
FNDA:0,(anonymous_25)
FNDA:0,(anonymous_26)
FNDA:0,(anonymous_27)
FNDA:0,(anonymous_28)
FNDA:0,render
DA:1,0
DA:2,0
DA:10,0
DA:11,0
DA:13,0
DA:14,0
DA:18,0
DA:21,0
DA:24,0
DA:26,0
DA:30,0
DA:33,0
DA:36,0
DA:39,0
DA:41,0
DA:42,0
DA:46,0
DA:47,0
DA:51,0
DA:53,0
DA:56,0
DA:57,0
DA:59,0
DA:61,0
DA:62,0
DA:64,0
DA:65,0
DA:68,0
DA:69,0
DA:79,0
DA:90,0
DA:91,0
DA:93,0
DA:95,0
DA:96,0
DA:98,0
DA:99,0
DA:102,0
DA:103,0
DA:112,0
DA:118,0
DA:119,0
DA:120,0
DA:122,0
DA:125,0
DA:126,0
DA:151,0
LF:47
LH:0
BRDA:11,0,0,0
BRDA:11,0,1,0
BRDA:11,1,0,0
BRDA:11,1,1,0
BRDA:11,2,0,0
BRDA:11,2,1,0
BRDA:11,3,0,0
BRDA:11,3,1,0
BRDA:11,4,0,0
BRDA:11,4,1,0
BRDA:11,5,0,0
BRDA:11,5,1,0
BRDA:11,6,0,0
BRDA:11,6,1,0
BRDA:11,6,2,0
BRDA:11,7,0,0
BRDA:11,7,1,0
BRDA:11,8,0,0
BRDA:11,8,1,0
BRDA:11,9,0,0
BRDA:11,9,1,0
BRDA:11,10,0,0
BRDA:11,10,1,0
BRDA:11,11,0,0
BRDA:11,11,1,0
BRDA:11,12,0,0
BRDA:11,12,1,0
BRDA:11,13,0,0
BRDA:11,13,1,0
BRDA:11,13,2,0
BRDA:11,14,0,0
BRDA:11,14,1,0
BRDA:11,15,0,0
BRDA:11,15,1,0
BRDA:11,16,0,0
BRDA:11,16,1,0
BRDA:11,17,0,0
BRDA:11,17,1,0
BRDA:11,18,0,0
BRDA:11,18,1,0
BRDA:11,19,0,0
BRDA:11,19,1,0
BRDA:11,20,0,0
BRDA:11,20,1,0
BRDA:11,21,0,0
BRDA:11,21,1,0
BRDA:11,21,2,0
BRDA:11,22,0,0
BRDA:11,22,1,0
BRDA:11,23,0,0
BRDA:11,23,1,0
BRDA:11,24,0,0
BRDA:11,24,1,0
BRDA:11,25,0,0
BRDA:11,25,1,0
BRDA:11,26,0,0
BRDA:11,26,1,0
BRDA:11,27,0,0
BRDA:11,27,1,0
BRDA:11,28,0,0
BRDA:11,28,1,0
BRDA:11,29,0,0
BRDA:11,29,1,0
BRDA:21,30,0,0
BRDA:21,30,1,0
BRDA:21,30,2,0
BRDA:21,30,3,0
BRDA:21,30,4,0
BRDA:21,30,5,0
BRDA:21,30,6,0
BRDA:21,30,7,0
BRDA:21,31,0,0
BRDA:21,31,1,0
BRDA:23,32,0,0
BRDA:23,32,1,0
BRDA:23,32,2,0
BRDA:30,33,0,0
BRDA:30,33,1,0
BRDA:36,34,0,0
BRDA:36,34,1,0
BRDA:41,35,0,0
BRDA:41,35,1,0
BRDA:46,36,0,0
BRDA:46,36,1,0
BRDA:56,37,0,0
BRDA:56,37,1,0
BRDA:56,37,2,0
BRDA:56,37,3,0
BRDA:56,37,4,0
BRDA:57,38,0,0
BRDA:57,38,1,0
BRDA:90,39,0,0
BRDA:90,39,1,0
BRDA:90,39,2,0
BRDA:90,39,3,0
BRDA:90,39,4,0
BRDA:91,40,0,0
BRDA:91,40,1,0
BRDA:118,41,0,0
BRDA:118,41,1,0
BRDA:131,42,0,0
BRDA:131,42,1,0
BRF:102
BRH:0
end_of_record
TN:
SF:app\components\geolocation\style.js
FNF:0
FNH:0
DA:1,0
DA:3,0
DA:12,0
LF:3
LH:0
BRF:0
BRH:0
end_of_record
TN:
SF:app\components\geolocation\getLocation\index.js
FN:1,_interopRequireDefault
FN:3,GetLocation
FN:3,GetLocation$
FN:8,(anonymous_3)
FN:10,(anonymous_4)
FN:14,(anonymous_5)
FNF:6
FNH:0
FNDA:0,_interopRequireDefault
FNDA:0,GetLocation
FNDA:0,GetLocation$
FNDA:0,(anonymous_3)
FNDA:0,(anonymous_4)
FNDA:0,(anonymous_5)
DA:1,0
DA:3,0
DA:4,0
DA:6,0
DA:8,0
DA:9,0
DA:11,0
DA:12,0
DA:15,0
DA:16,0
DA:26,0
DA:29,0
LF:12
LH:0
BRDA:1,0,0,0
BRDA:1,0,1,0
BRDA:1,1,0,0
BRDA:1,1,1,0
BRDA:3,2,0,0
BRDA:3,2,1,0
BRDA:3,2,2,0
BRDA:3,2,3,0
BRDA:3,2,4,0
BRDA:4,3,0,0
BRDA:4,3,1,0
BRF:11
BRH:0
end_of_record
TN:
SF:app\components\geolocation\getLocationUpdates\index.js
FN:1,_interopRequireDefault
FN:3,GetLocationUpdates
FN:3,GetLocationUpdates$
FN:8,(anonymous_3)
FN:10,(anonymous_4)
FN:14,(anonymous_5)
FNF:6
FNH:0
FNDA:0,_interopRequireDefault
FNDA:0,GetLocationUpdates
FNDA:0,GetLocationUpdates$
FNDA:0,(anonymous_3)
FNDA:0,(anonymous_4)
FNDA:0,(anonymous_5)
DA:1,0
DA:3,0
DA:4,0
DA:6,0
DA:8,0
DA:9,0
DA:11,0
DA:12,0
DA:15,0
DA:16,0
DA:25,0
DA:28,0
LF:12
LH:0
BRDA:1,0,0,0
BRDA:1,0,1,0
BRDA:1,1,0,0
BRDA:1,1,1,0
BRDA:3,2,0,0
BRDA:3,2,1,0
BRDA:3,2,2,0
BRDA:3,2,3,0
BRDA:3,2,4,0
BRDA:4,3,0,0
BRDA:4,3,1,0
BRF:11
BRH:0
end_of_record
TN:
SF:app\components\geolocation\getPermissions\index.js
FN:3,GetPermissions
FN:3,GetPermissions$
FNF:2
FNH:0
FNDA:0,GetPermissions
FNDA:0,GetPermissions$
DA:1,0
DA:3,0
DA:6,0
DA:8,0
DA:12,0
DA:15,0
DA:18,0
DA:21,0
DA:23,0
DA:24,0
DA:25,0
DA:26,0
DA:30,0
DA:31,0
DA:34,0
LF:15
LH:0
BRDA:3,0,0,0
BRDA:3,0,1,0
BRDA:3,0,2,0
BRDA:3,0,3,0
BRDA:3,0,4,0
BRDA:3,0,5,0
BRDA:3,0,6,0
BRDA:3,0,7,0
BRDA:3,1,0,0
BRDA:3,1,1,0
BRDA:5,2,0,0
BRDA:5,2,1,0
BRDA:5,2,2,0
BRDA:12,3,0,0
BRDA:12,3,1,0
BRDA:18,4,0,0
BRDA:18,4,1,0
BRDA:23,5,0,0
BRDA:23,5,1,0
BRDA:25,6,0,0
BRDA:25,6,1,0
BRF:21
BRH:0
end_of_record
TN:
SF:app\components\geolocation\removeLocationUpdates\index.js
FN:1,_interopRequireDefault
FN:3,RemoveLocationUpdates
FNF:2
FNH:0
FNDA:0,_interopRequireDefault
FNDA:0,RemoveLocationUpdates
DA:1,0
DA:3,0
DA:4,0
DA:5,0
DA:6,0
DA:10,0
LF:6
LH:0
BRDA:1,0,0,0
BRDA:1,0,1,0
BRDA:1,1,0,0
BRDA:1,1,1,0
BRDA:4,2,0,0
BRDA:4,2,1,0
BRF:6
BRH:0
end_of_record
TN:
SF:app\components\getDataFromAPI\index.js
FNF:0
FNH:0
LF:0
LH:0
BRF:0
BRH:0
end_of_record
TN:
SF:app\components\getDataFromAPI\style.js
FNF:0
FNH:0
LF:0
LH:0
BRF:0
BRH:0
end_of_record
TN:
SF:app\components\headerLeft\index.js
FN:4,_interopRequireDefault
FN:6,HeaderLeft
FN:10,onPress
FNF:3
FNH:2
FNDA:2,_interopRequireDefault
FNDA:1,HeaderLeft
FNDA:0,onPress
DA:1,1
DA:2,1
DA:3,1
DA:4,2
DA:6,1
DA:7,1
DA:10,0
DA:16,1
LF:8
LH:7
BRDA:4,0,0,1
BRDA:4,0,1,1
BRDA:4,1,0,2
BRDA:4,1,1,2
BRF:4
BRH:4
end_of_record
TN:
SF:app\components\headerLeft\style.js
FNF:0
FNH:0
DA:1,1
DA:3,1
DA:8,1
LF:3
LH:3
BRF:0
BRH:0
end_of_record
TN:
SF:app\components\headerRight\index.js
FN:5,_interopRequireDefault
FN:7,HeaderRight
FN:11,onPress
FNF:3
FNH:0
FNDA:0,_interopRequireDefault
FNDA:0,HeaderRight
FNDA:0,onPress
DA:1,0
DA:2,0
DA:3,0
DA:4,0
DA:5,0
DA:7,0
DA:8,0
DA:11,0
DA:17,0
LF:9
LH:0
BRDA:5,0,0,0
BRDA:5,0,1,0
BRDA:5,1,0,0
BRDA:5,1,1,0
BRF:4
BRH:0
end_of_record
TN:
SF:app\components\headerRight\style.js
FNF:0
FNH:0
DA:1,0
DA:3,0
DA:8,0
LF:3
LH:0
BRF:0
BRH:0
end_of_record
TN:
SF:app\components\loader\index.js
FN:3,_interopRequireDefault
FN:5,Loader
FNF:2
FNH:2
FNDA:2,_interopRequireDefault
FNDA:1,Loader
DA:1,1
DA:2,1
DA:3,2
DA:6,1
DA:8,1
DA:13,1
LF:6
LH:6
BRDA:3,0,0,1
BRDA:3,0,1,1
BRDA:3,1,0,2
BRDA:3,1,1,2
BRF:4
BRH:4
end_of_record
TN:
SF:app\components\locationFindComp\returnButt\index.js
FN:4,_interopRequireDefault
FN:6,ReturnButt
FN:8,onPress
FNF:3
FNH:0
FNDA:0,_interopRequireDefault
FNDA:0,ReturnButt
FNDA:0,onPress
DA:1,0
DA:2,0
DA:3,0
DA:4,0
DA:6,0
DA:7,0
DA:8,0
DA:13,0
LF:8
LH:0
BRDA:4,0,0,0
BRDA:4,0,1,0
BRDA:4,1,0,0
BRDA:4,1,1,0
BRF:4
BRH:0
end_of_record
TN:
SF:app\components\locationFindComp\textInput\index.js
FN:5,_interopRequireDefault
FN:7,TextInputFinder
FNF:2
FNH:0
FNDA:0,_interopRequireDefault
FNDA:0,TextInputFinder
DA:1,0
DA:2,0
DA:3,0
DA:4,0
DA:5,0
DA:7,0
DA:8,0
DA:16,0
LF:8
LH:0
BRDA:5,0,0,0
BRDA:5,0,1,0
BRDA:5,1,0,0
BRDA:5,1,1,0
BRF:4
BRH:0
end_of_record
TN:
SF:app\components\locationFindComp\textInput\style.js
FNF:0
FNH:0
DA:1,0
DA:3,0
DA:13,0
LF:3
LH:0
BRF:0
BRH:0
end_of_record
TN:
SF:app\components\locationsComp\addLoc\index.js
FN:6,_interopRequireDefault
FN:8,AddLoc
FN:12,onPress
FNF:3
FNH:0
FNDA:0,_interopRequireDefault
FNDA:0,AddLoc
FNDA:0,onPress
DA:1,0
DA:2,0
DA:3,0
DA:4,0
DA:5,0
DA:6,0
DA:8,0
DA:9,0
DA:12,0
DA:18,0
LF:10
LH:0
BRDA:6,0,0,0
BRDA:6,0,1,0
BRDA:6,1,0,0
BRDA:6,1,1,0
BRF:4
BRH:0
end_of_record
TN:
SF:app\components\locationsComp\addLoc\style.js
FN:2,_interopRequireDefault
FNF:1
FNH:0
FNDA:0,_interopRequireDefault
DA:1,0
DA:2,0
DA:4,0
DA:15,0
LF:4
LH:0
BRDA:2,0,0,0
BRDA:2,0,1,0
BRDA:2,1,0,0
BRDA:2,1,1,0
BRF:4
BRH:0
end_of_record
TN:
SF:app\components\locationsComp\autButt\index.js
FN:6,_interopRequireDefault
FN:6,_getRequireWildcardCache
FN:6,_getRequireWildcardCache
FN:6,_interopRequireWildcard
FN:6,_slicedToArray
FN:6,_nonIterableRest
FN:6,_iterableToArrayLimit
FN:6,_arrayWithHoles
FN:8,AutoButt
FN:15,onValueChange
FNF:10
FNH:0
FNDA:0,_interopRequireDefault
FNDA:0,_getRequireWildcardCache
FNDA:0,_getRequireWildcardCache
FNDA:0,_interopRequireWildcard
FNDA:0,_slicedToArray
FNDA:0,_nonIterableRest
FNDA:0,_iterableToArrayLimit
FNDA:0,_arrayWithHoles
FNDA:0,AutoButt
FNDA:0,onValueChange
DA:1,0
DA:2,0
DA:3,0
DA:4,0
DA:5,0
DA:6,0
DA:8,0
DA:9,0
DA:11,0
DA:15,0
DA:19,0
LF:11
LH:0
BRDA:6,0,0,0
BRDA:6,0,1,0
BRDA:6,1,0,0
BRDA:6,1,1,0
BRDA:6,2,0,0
BRDA:6,2,1,0
BRDA:6,3,0,0
BRDA:6,3,1,0
BRDA:6,4,0,0
BRDA:6,4,1,0
BRDA:6,5,0,0
BRDA:6,5,1,0
BRDA:6,6,0,0
BRDA:6,6,1,0
BRDA:6,6,2,0
BRDA:6,7,0,0
BRDA:6,7,1,0
BRDA:6,8,0,0
BRDA:6,8,1,0
BRDA:6,9,0,0
BRDA:6,9,1,0
BRDA:6,10,0,0
BRDA:6,10,1,0
BRDA:6,11,0,0
BRDA:6,11,1,0
BRDA:6,12,0,0
BRDA:6,12,1,0
BRDA:6,13,0,0
BRDA:6,13,1,0
BRDA:6,13,2,0
BRDA:6,14,0,0
BRDA:6,14,1,0
BRDA:6,15,0,0
BRDA:6,15,1,0
BRDA:6,15,2,0
BRDA:6,16,0,0
BRDA:6,16,1,0
BRDA:6,17,0,0
BRDA:6,17,1,0
BRDA:6,18,0,0
BRDA:6,18,1,0
BRDA:6,19,0,0
BRDA:6,19,1,0
BRDA:6,20,0,0
BRDA:6,20,1,0
BRDA:6,21,0,0
BRDA:6,21,1,0
BRDA:6,22,0,0
BRDA:6,22,1,0
BRDA:6,23,0,0
BRDA:6,23,1,0
BRDA:6,24,0,0
BRDA:6,24,1,0
BRDA:6,25,0,0
BRDA:6,25,1,0
BRF:55
BRH:0
end_of_record
TN:
SF:app\components\locationsComp\autButt\style.js
FNF:0
FNH:0
DA:1,0
DA:3,0
DA:16,0
LF:3
LH:0
BRF:0
BRH:0
end_of_record
TN:
SF:app\components\locationsComp\listHeader\index.js
FN:4,_interopRequireDefault
FN:6,ListHeader
FNF:2
FNH:0
FNDA:0,_interopRequireDefault
FNDA:0,ListHeader
DA:1,0
DA:2,0
DA:3,0
DA:4,0
DA:6,0
DA:7,0
DA:13,0
LF:7
LH:0
BRDA:4,0,0,0
BRDA:4,0,1,0
BRDA:4,1,0,0
BRDA:4,1,1,0
BRF:4
BRH:0
end_of_record
TN:
SF:app\components\locationsComp\listHeader\style.js
FN:2,_interopRequireDefault
FNF:1
FNH:0
FNDA:0,_interopRequireDefault
DA:1,0
DA:2,0
DA:4,0
DA:16,0
LF:4
LH:0
BRDA:2,0,0,0
BRDA:2,0,1,0
BRDA:2,1,0,0
BRDA:2,1,1,0
BRF:4
BRH:0
end_of_record
TN:
SF:app\components\loginComp\InputBox\index.js
FN:5,_interopRequireDefault
FN:7,InputBox
FNF:2
FNH:0
FNDA:0,_interopRequireDefault
FNDA:0,InputBox
DA:1,0
DA:2,0
DA:3,0
DA:4,0
DA:5,0
DA:7,0
DA:8,0
DA:20,0
LF:8
LH:0
BRDA:5,0,0,0
BRDA:5,0,1,0
BRDA:5,1,0,0
BRDA:5,1,1,0
BRF:4
BRH:0
end_of_record
TN:
SF:app\components\loginComp\InputBox\style.js
FN:2,_interopRequireDefault
FNF:1
FNH:0
FNDA:0,_interopRequireDefault
DA:1,0
DA:2,0
DA:4,0
DA:6,0
DA:17,0
LF:5
LH:0
BRDA:2,0,0,0
BRDA:2,0,1,0
BRDA:2,1,0,0
BRDA:2,1,1,0
BRF:4
BRH:0
end_of_record
TN:
SF:app\components\loginComp\buttonBox\index.js
FN:6,_interopRequireDefault
FN:8,ButtonBox
FN:9,goTo
FN:13,goToTwo
FNF:4
FNH:0
FNDA:0,_interopRequireDefault
FNDA:0,ButtonBox
FNDA:0,goTo
FNDA:0,goToTwo
DA:1,0
DA:2,0
DA:3,0
DA:4,0
DA:5,0
DA:6,0
DA:8,0
DA:9,0
DA:10,0
DA:13,0
DA:14,0
DA:17,0
DA:25,0
LF:13
LH:0
BRDA:6,0,0,0
BRDA:6,0,1,0
BRDA:6,1,0,0
BRDA:6,1,1,0
BRF:4
BRH:0
end_of_record
TN:
SF:app\components\loginComp\buttonBox\style.js
FN:2,_interopRequireDefault
FNF:1
FNH:0
FNDA:0,_interopRequireDefault
DA:1,0
DA:2,0
DA:4,0
DA:6,0
DA:32,0
LF:5
LH:0
BRDA:2,0,0,0
BRDA:2,0,1,0
BRDA:2,1,0,0
BRDA:2,1,1,0
BRF:4
BRH:0
end_of_record
TN:
SF:app\components\loginComp\buttons\index.js
FN:3,_interopRequireDefault
FN:5,Buttons
FNF:2
FNH:1
FNDA:1,_interopRequireDefault
FNDA:0,Buttons
DA:1,1
DA:2,1
DA:3,1
DA:5,1
DA:6,0
DA:11,1
LF:6
LH:5
BRDA:3,0,0,0
BRDA:3,0,1,1
BRDA:3,1,0,1
BRDA:3,1,1,1
BRF:4
BRH:3
end_of_record
TN:
SF:app\components\loginComp\buttons\style.js
FN:2,_interopRequireDefault
FNF:1
FNH:1
FNDA:1,_interopRequireDefault
DA:1,1
DA:2,1
DA:4,1
DA:6,1
DA:10,1
LF:5
LH:5
BRDA:2,0,0,1
BRDA:2,0,1,0
BRDA:2,1,0,1
BRDA:2,1,1,1
BRF:4
BRH:3
end_of_record
TN:
SF:app\components\loginComp\imgBox\index.js
FN:5,_interopRequireDefault
FN:7,ImgBox
FNF:2
FNH:0
FNDA:0,_interopRequireDefault
FNDA:0,ImgBox
DA:1,0
DA:2,0
DA:3,0
DA:4,0
DA:5,0
DA:7,0
DA:8,0
DA:16,0
LF:8
LH:0
BRDA:5,0,0,0
BRDA:5,0,1,0
BRDA:5,1,0,0
BRDA:5,1,1,0
BRF:4
BRH:0
end_of_record
TN:
SF:app\components\loginComp\imgBox\style.js
FN:2,_interopRequireDefault
FNF:1
FNH:0
FNDA:0,_interopRequireDefault
DA:1,0
DA:2,0
DA:4,0
DA:6,0
DA:22,0
LF:5
LH:0
BRDA:2,0,0,0
BRDA:2,0,1,0
BRDA:2,1,0,0
BRDA:2,1,1,0
BRF:4
BRH:0
end_of_record
TN:
SF:app\components\loginComp\textInput\index.js
FN:5,_interopRequireDefault
FN:7,TextInputlog
FN:14,onChangeText
FNF:3
FNH:1
FNDA:3,_interopRequireDefault
FNDA:0,TextInputlog
FNDA:0,onChangeText
DA:1,1
DA:2,1
DA:3,1
DA:4,1
DA:5,3
DA:7,1
DA:8,0
DA:14,0
DA:22,1
LF:9
LH:7
BRDA:5,0,0,2
BRDA:5,0,1,1
BRDA:5,1,0,3
BRDA:5,1,1,3
BRF:4
BRH:4
end_of_record
TN:
SF:app\components\loginComp\textInput\style.js
FN:2,_interopRequireDefault
FNF:1
FNH:1
FNDA:1,_interopRequireDefault
DA:1,1
DA:2,1
DA:3,1
DA:5,1
DA:26,1
LF:5
LH:5
BRDA:2,0,0,1
BRDA:2,0,1,0
BRDA:2,1,0,1
BRDA:2,1,1,1
BRF:4
BRH:3
end_of_record
TN:
SF:app\components\registrComp\buttonBox\index.js
FN:5,_interopRequireDefault
FN:7,ButtonBox
FN:8,CheckLogin
FNF:3
FNH:0
FNDA:0,_interopRequireDefault
FNDA:0,ButtonBox
FNDA:0,CheckLogin
DA:1,0
DA:2,0
DA:3,0
DA:4,0
DA:5,0
DA:7,0
DA:8,0
DA:9,0
DA:12,0
LF:9
LH:0
BRDA:5,0,0,0
BRDA:5,0,1,0
BRDA:5,1,0,0
BRDA:5,1,1,0
BRF:4
BRH:0
end_of_record
TN:
SF:app\components\registrComp\buttonBox\style.js
FN:2,_interopRequireDefault
FNF:1
FNH:0
FNDA:0,_interopRequireDefault
DA:1,0
DA:2,0
DA:4,0
DA:6,0
DA:21,0
LF:5
LH:0
BRDA:2,0,0,0
BRDA:2,0,1,0
BRDA:2,1,0,0
BRDA:2,1,1,0
BRF:4
BRH:0
end_of_record
TN:
SF:app\components\registrComp\imgBox\index.js
FN:5,_interopRequireDefault
FN:7,ImgBox
FNF:2
FNH:0
FNDA:0,_interopRequireDefault
FNDA:0,ImgBox
DA:1,0
DA:2,0
DA:3,0
DA:4,0
DA:5,0
DA:8,0
LF:6
LH:0
BRDA:5,0,0,0
BRDA:5,0,1,0
BRDA:5,1,0,0
BRDA:5,1,1,0
BRF:4
BRH:0
end_of_record
TN:
SF:app\components\registrComp\imgBox\style.js
FN:2,_interopRequireDefault
FNF:1
FNH:0
FNDA:0,_interopRequireDefault
DA:1,0
DA:2,0
DA:4,0
DA:18,0
LF:4
LH:0
BRDA:2,0,0,0
BRDA:2,0,1,0
BRDA:2,1,0,0
BRDA:2,1,1,0
BRF:4
BRH:0
end_of_record
TN:
SF:app\components\registrComp\inputBox\index.js
FN:5,_interopRequireDefault
FN:7,InputBox
FNF:2
FNH:0
FNDA:0,_interopRequireDefault
FNDA:0,InputBox
DA:1,0
DA:2,0
DA:3,0
DA:4,0
DA:5,0
DA:8,0
LF:6
LH:0
BRDA:5,0,0,0
BRDA:5,0,1,0
BRDA:5,1,0,0
BRDA:5,1,1,0
BRF:4
BRH:0
end_of_record
TN:
SF:app\components\registrComp\inputBox\style.js
FNF:0
FNH:0
DA:1,0
DA:3,0
DA:13,0
LF:3
LH:0
BRF:0
BRH:0
end_of_record
TN:
SF:app\components\registrComp\textInput\index.js
FN:5,_interopRequireDefault
FN:7,TextInputReg
FN:14,onChangeText
FNF:3
FNH:2
FNDA:3,_interopRequireDefault
FNDA:1,TextInputReg
FNDA:0,onChangeText
DA:1,1
DA:2,1
DA:3,1
DA:4,1
DA:5,3
DA:7,1
DA:8,1
DA:14,0
DA:25,1
LF:9
LH:8
BRDA:5,0,0,2
BRDA:5,0,1,1
BRDA:5,1,0,3
BRDA:5,1,1,3
BRF:4
BRH:4
end_of_record
TN:
SF:app\components\registrComp\textInput\style.js
FNF:0
FNH:0
DA:1,1
DA:3,1
DA:5,1
DA:29,1
LF:4
LH:4
BRF:0
BRH:0
end_of_record
TN:
SF:app\components\settingMenu\index.js
FN:6,_interopRequireDefault
FN:8,setLine
FN:17,SettingBox
FN:52,onPress
FNF:4
FNH:0
FNDA:0,_interopRequireDefault
FNDA:0,setLine
FNDA:0,SettingBox
FNDA:0,onPress
DA:1,0
DA:2,0
DA:3,0
DA:4,0
DA:5,0
DA:6,0
DA:8,0
DA:9,0
DA:16,0
DA:17,0
DA:18,0
DA:52,0
DA:61,0
LF:13
LH:0
BRDA:6,0,0,0
BRDA:6,0,1,0
BRDA:6,1,0,0
BRDA:6,1,1,0
BRF:4
BRH:0
end_of_record
TN:
SF:app\components\settingMenu\settingMock.js
FNF:0
FNH:0
DA:1,0
DA:11,0
LF:2
LH:0
BRF:0
BRH:0
end_of_record
TN:
SF:app\components\settingMenu\style.js
FN:2,_interopRequireDefault
FNF:1
FNH:0
FNDA:0,_interopRequireDefault
DA:1,0
DA:2,0
DA:4,0
DA:45,0
LF:4
LH:0
BRDA:2,0,0,0
BRDA:2,0,1,0
BRDA:2,1,0,0
BRDA:2,1,1,0
BRF:4
BRH:0
end_of_record
TN:
SF:app\components\settingMenu\switcher\index.js
FN:3,_interopRequireDefault
FN:3,_getRequireWildcardCache
FN:3,_getRequireWildcardCache
FN:3,_interopRequireWildcard
FN:3,_slicedToArray
FN:3,_nonIterableRest
FN:3,_iterableToArrayLimit
FN:3,_arrayWithHoles
FN:5,Switcher
FN:11,onValueChange
FNF:10
FNH:0
FNDA:0,_interopRequireDefault
FNDA:0,_getRequireWildcardCache
FNDA:0,_getRequireWildcardCache
FNDA:0,_interopRequireWildcard
FNDA:0,_slicedToArray
FNDA:0,_nonIterableRest
FNDA:0,_iterableToArrayLimit
FNDA:0,_arrayWithHoles
FNDA:0,Switcher
FNDA:0,onValueChange
DA:1,0
DA:2,0
DA:3,0
DA:5,0
DA:6,0
DA:8,0
DA:11,0
DA:22,0
LF:8
LH:0
BRDA:3,0,0,0
BRDA:3,0,1,0
BRDA:3,1,0,0
BRDA:3,1,1,0
BRDA:3,2,0,0
BRDA:3,2,1,0
BRDA:3,3,0,0
BRDA:3,3,1,0
BRDA:3,4,0,0
BRDA:3,4,1,0
BRDA:3,5,0,0
BRDA:3,5,1,0
BRDA:3,6,0,0
BRDA:3,6,1,0
BRDA:3,6,2,0
BRDA:3,7,0,0
BRDA:3,7,1,0
BRDA:3,8,0,0
BRDA:3,8,1,0
BRDA:3,9,0,0
BRDA:3,9,1,0
BRDA:3,10,0,0
BRDA:3,10,1,0
BRDA:3,11,0,0
BRDA:3,11,1,0
BRDA:3,12,0,0
BRDA:3,12,1,0
BRDA:3,13,0,0
BRDA:3,13,1,0
BRDA:3,13,2,0
BRDA:3,14,0,0
BRDA:3,14,1,0
BRDA:3,15,0,0
BRDA:3,15,1,0
BRDA:3,15,2,0
BRDA:3,16,0,0
BRDA:3,16,1,0
BRDA:3,17,0,0
BRDA:3,17,1,0
BRDA:3,18,0,0
BRDA:3,18,1,0
BRDA:3,19,0,0
BRDA:3,19,1,0
BRDA:3,20,0,0
BRDA:3,20,1,0
BRDA:3,21,0,0
BRDA:3,21,1,0
BRDA:3,22,0,0
BRDA:3,22,1,0
BRDA:3,23,0,0
BRDA:3,23,1,0
BRDA:3,24,0,0
BRDA:3,24,1,0
BRDA:3,25,0,0
BRDA:3,25,1,0
BRF:55
BRH:0
end_of_record
TN:
SF:app\components\settingMenu\switcher\style.js
FNF:0
FNH:0
LF:0
LH:0
BRF:0
BRH:0
end_of_record
TN:
SF:app\components\share\index.js
FN:3,onShare
FN:3,onShare$
FNF:2
FNH:0
FNDA:0,onShare
FNDA:0,onShare$
DA:1,1
DA:3,1
DA:7,0
DA:10,0
DA:11,0
DA:16,0
DA:18,0
DA:20,0
DA:24,1
LF:9
LH:3
BRDA:3,0,0,0
BRDA:3,0,1,0
BRDA:3,0,2,0
BRDA:3,0,3,0
BRDA:3,0,4,0
BRDA:10,1,0,0
BRDA:10,1,1,0
BRDA:11,2,0,0
BRDA:11,2,1,0
BRDA:16,3,0,0
BRDA:16,3,1,0
BRF:11
BRH:0
end_of_record
TN:
SF:app\components\weatherBox\index.js
FN:5,_interopRequireDefault
FN:5,_getRequireWildcardCache
FN:5,_getRequireWildcardCache
FN:5,_interopRequireWildcard
FN:5,_slicedToArray
FN:5,_nonIterableRest
FN:5,_iterableToArrayLimit
FN:5,_arrayWithHoles
FN:7,WeatherBox
FN:11,getCurrentDate
FN:18,getCurrentTime
FN:24,(anonymous_11)
FN:25,(anonymous_12)
FNF:13
FNH:0
FNDA:0,_interopRequireDefault
FNDA:0,_getRequireWildcardCache
FNDA:0,_getRequireWildcardCache
FNDA:0,_interopRequireWildcard
FNDA:0,_slicedToArray
FNDA:0,_nonIterableRest
FNDA:0,_iterableToArrayLimit
FNDA:0,_arrayWithHoles
FNDA:0,WeatherBox
FNDA:0,getCurrentDate
FNDA:0,getCurrentTime
FNDA:0,(anonymous_11)
FNDA:0,(anonymous_12)
DA:1,0
DA:2,0
DA:3,0
DA:4,0
DA:5,0
DA:7,0
DA:8,0
DA:9,0
DA:11,0
DA:12,0
DA:13,0
DA:14,0
DA:15,0
DA:18,0
DA:19,0
DA:20,0
DA:21,0
DA:24,0
DA:25,0
DA:26,0
DA:27,0
DA:31,0
DA:72,0
LF:23
LH:0
BRDA:5,0,0,0
BRDA:5,0,1,0
BRDA:5,1,0,0
BRDA:5,1,1,0
BRDA:5,2,0,0
BRDA:5,2,1,0
BRDA:5,3,0,0
BRDA:5,3,1,0
BRDA:5,4,0,0
BRDA:5,4,1,0
BRDA:5,5,0,0
BRDA:5,5,1,0
BRDA:5,6,0,0
BRDA:5,6,1,0
BRDA:5,6,2,0
BRDA:5,7,0,0
BRDA:5,7,1,0
BRDA:5,8,0,0
BRDA:5,8,1,0
BRDA:5,9,0,0
BRDA:5,9,1,0
BRDA:5,10,0,0
BRDA:5,10,1,0
BRDA:5,11,0,0
BRDA:5,11,1,0
BRDA:5,12,0,0
BRDA:5,12,1,0
BRDA:5,13,0,0
BRDA:5,13,1,0
BRDA:5,13,2,0
BRDA:5,14,0,0
BRDA:5,14,1,0
BRDA:5,15,0,0
BRDA:5,15,1,0
BRDA:5,15,2,0
BRDA:5,16,0,0
BRDA:5,16,1,0
BRDA:5,17,0,0
BRDA:5,17,1,0
BRDA:5,18,0,0
BRDA:5,18,1,0
BRDA:5,19,0,0
BRDA:5,19,1,0
BRDA:5,20,0,0
BRDA:5,20,1,0
BRDA:5,21,0,0
BRDA:5,21,1,0
BRDA:5,22,0,0
BRDA:5,22,1,0
BRDA:5,23,0,0
BRDA:5,23,1,0
BRDA:5,24,0,0
BRDA:5,24,1,0
BRDA:5,25,0,0
BRDA:5,25,1,0
BRF:55
BRH:0
end_of_record
TN:
SF:app\components\weatherBox\style.js
FN:2,_interopRequireDefault
FNF:1
FNH:0
FNDA:0,_interopRequireDefault
DA:1,0
DA:2,0
DA:4,0
DA:87,0
LF:4
LH:0
BRDA:2,0,0,0
BRDA:2,0,1,0
BRDA:2,1,0,0
BRDA:2,1,1,0
BRF:4
BRH:0
end_of_record
TN:
SF:app\components\weatherBox\weatherMock.js
FN:1,_interopRequireDefault
FNF:1
FNH:0
FNDA:0,_interopRequireDefault
DA:1,0
DA:3,0
DA:12,0
LF:3
LH:0
BRDA:1,0,0,0
BRDA:1,0,1,0
BRDA:1,1,0,0
BRDA:1,1,1,0
BRF:4
BRH:0
end_of_record
TN:
SF:app\components\weatherChart\index.js
FN:10,_interopRequireDefault
FN:12,WeatherChart
FN:32,(anonymous_2)
FN:62,(anonymous_3)
FN:72,onPress
FNF:5
FNH:0
FNDA:0,_interopRequireDefault
FNDA:0,WeatherChart
FNDA:0,(anonymous_2)
FNDA:0,(anonymous_3)
FNDA:0,onPress
DA:1,0
DA:2,0
DA:3,0
DA:4,0
DA:5,0
DA:6,0
DA:7,0
DA:8,0
DA:9,0
DA:10,0
DA:12,0
DA:13,0
DA:32,0
DA:33,0
DA:62,0
DA:63,0
DA:72,0
DA:80,0
LF:18
LH:0
BRDA:10,0,0,0
BRDA:10,0,1,0
BRDA:10,1,0,0
BRDA:10,1,1,0
BRF:4
BRH:0
end_of_record
TN:
SF:app\components\weatherChart\style.js
FN:2,_interopRequireDefault
FNF:1
FNH:0
FNDA:0,_interopRequireDefault
DA:1,0
DA:2,0
DA:4,0
DA:89,0
LF:4
LH:0
BRDA:2,0,0,0
BRDA:2,0,1,0
BRDA:2,1,0,0
BRDA:2,1,1,0
BRF:4
BRH:0
end_of_record
TN:
SF:app\components\weatherChart\charKit\index.js
FN:5,_interopRequireDefault
FN:7,CharKit
FN:19,onDataPointClick
FN:24,(anonymous_3)
FN:30,color
FNF:5
FNH:0
FNDA:0,_interopRequireDefault
FNDA:0,CharKit
FNDA:0,onDataPointClick
FNDA:0,(anonymous_3)
FNDA:0,color
DA:1,0
DA:2,0
DA:3,0
DA:4,0
DA:5,0
DA:7,0
DA:8,0
DA:19,0
DA:24,0
DA:30,0
DA:44,0
LF:11
LH:0
BRDA:5,0,0,0
BRDA:5,0,1,0
BRDA:5,1,0,0
BRDA:5,1,1,0
BRF:4
BRH:0
end_of_record
TN:
SF:app\components\weatherChart\timeCounts\index.js
FNF:0
FNH:0
DA:1,0
DA:144,0
LF:2
LH:0
BRF:0
BRH:0
end_of_record
TN:
SF:app\components\weatherChartWeekly\index.js
FN:9,_interopRequireDefault
FN:11,WeatherChartWeekly
FN:18,onContentSizeChange
FN:35,(anonymous_3)
FN:40,onPress
FN:67,(anonymous_5)
FN:77,onPress
FNF:7
FNH:0
FNDA:0,_interopRequireDefault
FNDA:0,WeatherChartWeekly
FNDA:0,onContentSizeChange
FNDA:0,(anonymous_3)
FNDA:0,onPress
FNDA:0,(anonymous_5)
FNDA:0,onPress
DA:1,0
DA:2,0
DA:3,0
DA:4,0
DA:5,0
DA:6,0
DA:7,0
DA:8,0
DA:9,0
DA:11,0
DA:12,0
DA:19,0
DA:35,0
DA:36,0
DA:40,0
DA:67,0
DA:68,0
DA:77,0
DA:85,0
LF:19
LH:0
BRDA:9,0,0,0
BRDA:9,0,1,0
BRDA:9,1,0,0
BRDA:9,1,1,0
BRF:4
BRH:0
end_of_record
TN:
SF:app\components\weatherChartWeekly\style.js
FN:2,_interopRequireDefault
FNF:1
FNH:0
FNDA:0,_interopRequireDefault
DA:1,0
DA:2,0
DA:4,0
DA:100,0
LF:4
LH:0
BRDA:2,0,0,0
BRDA:2,0,1,0
BRDA:2,1,0,0
BRDA:2,1,1,0
BRF:4
BRH:0
end_of_record
TN:
SF:app\components\weatherChartWeekly\charKit\index.js
FN:4,_interopRequireDefault
FN:6,CharKit
FN:23,(anonymous_2)
FN:30,color
FNF:4
FNH:0
FNDA:0,_interopRequireDefault
FNDA:0,CharKit
FNDA:0,(anonymous_2)
FNDA:0,color
DA:1,0
DA:2,0
DA:3,0
DA:4,0
DA:6,0
DA:7,0
DA:23,0
DA:30,0
DA:37,0
LF:9
LH:0
BRDA:4,0,0,0
BRDA:4,0,1,0
BRDA:4,1,0,0
BRDA:4,1,1,0
BRF:4
BRH:0
end_of_record
TN:
SF:app\components\weatherChartWeekly\weekCounts\index.js
FN:1,_interopRequireDefault
FNF:1
FNH:0
FNDA:0,_interopRequireDefault
DA:1,0
DA:3,0
DA:44,0
LF:3
LH:0
BRDA:1,0,0,0
BRDA:1,0,1,0
BRDA:1,1,0,0
BRDA:1,1,1,0
BRF:4
BRH:0
end_of_record
TN:
SF:app\components\weatherDetails\index.js
FN:6,_interopRequireDefault
FN:8,WeatherDetails
FN:22,onPress
FNF:3
FNH:0
FNDA:0,_interopRequireDefault
FNDA:0,WeatherDetails
FNDA:0,onPress
DA:1,0
DA:2,0
DA:3,0
DA:4,0
DA:5,0
DA:6,0
DA:8,0
DA:9,0
DA:22,0
DA:29,0
LF:10
LH:0
BRDA:6,0,0,0
BRDA:6,0,1,0
BRDA:6,1,0,0
BRDA:6,1,1,0
BRF:4
BRH:0
end_of_record
TN:
SF:app\components\weatherDetails\style.js
FN:2,_interopRequireDefault
FNF:1
FNH:0
FNDA:0,_interopRequireDefault
DA:1,0
DA:2,0
DA:4,0
DA:27,0
LF:4
LH:0
BRDA:2,0,0,0
BRDA:2,0,1,0
BRDA:2,1,0,0
BRDA:2,1,1,0
BRF:4
BRH:0
end_of_record
TN:
SF:app\navigation\drawer.js
FN:4,_interopRequireDefault
FNF:1
FNH:0
FNDA:0,_interopRequireDefault
DA:1,0
DA:2,0
DA:3,0
DA:4,0
DA:6,0
DA:15,0
LF:6
LH:0
BRDA:4,0,0,0
BRDA:4,0,1,0
BRDA:4,1,0,0
BRDA:4,1,1,0
BRF:4
BRH:0
end_of_record
TN:
SF:app\navigation\navigation.js
FN:4,_interopRequireDefault
FNF:1
FNH:0
FNDA:0,_interopRequireDefault
DA:1,0
DA:2,0
DA:3,0
DA:4,0
DA:6,0
DA:22,0
LF:6
LH:0
BRDA:4,0,0,0
BRDA:4,0,1,0
BRDA:4,1,0,0
BRDA:4,1,1,0
BRF:4
BRH:0
end_of_record
TN:
SF:app\navigation\stack.js
FN:15,_interopRequireDefault
FN:42,navigationOptions
FN:46,headerLeft
FN:47,headerTitle
FN:52,navigationOptions
FN:65,headerLeft
FN:76,navigationOptions
FN:91,headerLeft
FN:116,navigationOptions
FN:132,headerLeft
FNF:10
FNH:0
FNDA:0,_interopRequireDefault
FNDA:0,navigationOptions
FNDA:0,headerLeft
FNDA:0,headerTitle
FNDA:0,navigationOptions
FNDA:0,headerLeft
FNDA:0,navigationOptions
FNDA:0,headerLeft
FNDA:0,navigationOptions
FNDA:0,headerLeft
DA:1,0
DA:2,0
DA:3,0
DA:4,0
DA:5,0
DA:6,0
DA:7,0
DA:8,0
DA:9,0
DA:10,0
DA:11,0
DA:12,0
DA:13,0
DA:14,0
DA:15,0
DA:17,0
DA:31,0
DA:35,0
DA:42,0
DA:46,0
DA:47,0
DA:52,0
DA:65,0
DA:76,0
DA:91,0
DA:116,0
DA:132,0
LF:27
LH:0
BRDA:15,0,0,0
BRDA:15,0,1,0
BRDA:15,1,0,0
BRDA:15,1,1,0
BRF:4
BRH:0
end_of_record
TN:
SF:app\navigation\tabnavigation.js
FN:6,_interopRequireDefault
FNF:1
FNH:0
FNDA:0,_interopRequireDefault
DA:1,0
DA:2,0
DA:3,0
DA:4,0
DA:5,0
DA:6,0
DA:8,0
DA:25,0
LF:8
LH:0
BRDA:6,0,0,0
BRDA:6,0,1,0
BRDA:6,1,0,0
BRDA:6,1,1,0
BRF:4
BRH:0
end_of_record
TN:
SF:app\redux\actions\index.js
FN:3,backgroundOff
FNF:1
FNH:0
FNDA:0,backgroundOff
DA:1,0
DA:3,0
DA:5,0
LF:3
LH:0
BRF:0
BRH:0
end_of_record
TN:
SF:app\redux\reducers\reducer.js
FN:1,ownKeys
FN:1,(anonymous_1)
FN:1,_objectSpread
FN:1,(anonymous_3)
FN:1,(anonymous_4)
FN:1,_defineProperty
FN:7,reducer
FNF:7
FNH:0
FNDA:0,ownKeys
FNDA:0,(anonymous_1)
FNDA:0,_objectSpread
FNDA:0,(anonymous_3)
FNDA:0,(anonymous_4)
FNDA:0,_defineProperty
FNDA:0,reducer
DA:1,0
DA:2,0
DA:7,0
DA:8,0
DA:9,0
DA:10,0
DA:11,0
DA:13,0
DA:16,0
LF:9
LH:0
BRDA:1,0,0,0
BRDA:1,0,1,0
BRDA:1,1,0,0
BRDA:1,1,1,0
BRDA:1,2,0,0
BRDA:1,2,1,0
BRDA:1,3,0,0
BRDA:1,3,1,0
BRDA:1,4,0,0
BRDA:1,4,1,0
BRDA:1,5,0,0
BRDA:1,5,1,0
BRDA:7,6,0,0
BRDA:7,6,1,0
BRDA:7,7,0,0
BRDA:7,7,1,0
BRDA:7,8,0,0
BRDA:7,8,1,0
BRDA:8,9,0,0
BRDA:8,9,1,0
BRF:20
BRH:0
end_of_record
TN:
SF:app\screens\detailsScreen\index.js
FN:4,_interopRequireDefault
FN:6,DetailsScreen
FNF:2
FNH:0
FNDA:0,_interopRequireDefault
FNDA:0,DetailsScreen
DA:1,0
DA:2,0
DA:3,0
DA:4,0
DA:6,0
DA:7,0
DA:18,0
LF:7
LH:0
BRDA:4,0,0,0
BRDA:4,0,1,0
BRDA:4,1,0,0
BRDA:4,1,1,0
BRF:4
BRH:0
end_of_record
TN:
SF:app\screens\detailsScreen\style.js
FN:2,_interopRequireDefault
FNF:1
FNH:0
FNDA:0,_interopRequireDefault
DA:1,0
DA:2,0
DA:4,0
DA:10,0
LF:4
LH:0
BRDA:2,0,0,0
BRDA:2,0,1,0
BRDA:2,1,0,0
BRDA:2,1,1,0
BRF:4
BRH:0
end_of_record
TN:
SF:app\screens\drawerContent\index.js
FN:7,_interopRequireDefault
FN:9,DrawerContent
FN:16,(anonymous_2)
FN:20,(anonymous_3)
FNF:4
FNH:0
FNDA:0,_interopRequireDefault
FNDA:0,DrawerContent
FNDA:0,(anonymous_2)
FNDA:0,(anonymous_3)
DA:1,0
DA:2,0
DA:3,0
DA:4,0
DA:5,0
DA:6,0
DA:7,0
DA:9,0
DA:10,0
DA:16,0
DA:17,0
DA:20,0
DA:31,0
LF:13
LH:0
BRDA:7,0,0,0
BRDA:7,0,1,0
BRDA:7,1,0,0
BRDA:7,1,1,0
BRDA:20,2,0,0
BRDA:20,2,1,0
BRF:6
BRH:0
end_of_record
TN:
SF:app\screens\drawerContent\style.js
FN:2,_interopRequireDefault
FNF:1
FNH:0
FNDA:0,_interopRequireDefault
DA:1,0
DA:2,0
DA:4,0
DA:30,0
LF:4
LH:0
BRDA:2,0,0,0
BRDA:2,0,1,0
BRDA:2,1,0,0
BRDA:2,1,1,0
BRF:4
BRH:0
end_of_record
TN:
SF:app\screens\gMap\index.js
FN:3,_getRequireWildcardCache
FN:3,_getRequireWildcardCache
FN:3,_interopRequireWildcard
FN:3,_interopRequireDefault
FN:5,MapMe
FNF:5
FNH:3
FNDA:0,_getRequireWildcardCache
FNDA:0,_getRequireWildcardCache
FNDA:1,_interopRequireWildcard
FNDA:2,_interopRequireDefault
FNDA:1,MapMe
DA:1,1
DA:2,1
DA:3,2
DA:5,1
DA:6,1
DA:33,1
LF:6
LH:6
BRDA:3,0,0,0
BRDA:3,0,1,0
BRDA:3,1,0,1
BRDA:3,1,1,0
BRDA:3,2,0,1
BRDA:3,2,1,1
BRDA:3,3,0,0
BRDA:3,3,1,0
BRDA:3,4,0,0
BRDA:3,4,1,0
BRDA:3,4,2,0
BRDA:3,5,0,0
BRDA:3,5,1,0
BRDA:3,6,0,0
BRDA:3,6,1,0
BRDA:3,7,0,0
BRDA:3,7,1,0
BRDA:3,8,0,0
BRDA:3,8,1,0
BRDA:3,9,0,0
BRDA:3,9,1,0
BRDA:3,10,0,0
BRDA:3,10,1,0
BRDA:3,11,0,0
BRDA:3,11,1,0
BRDA:3,11,2,0
BRDA:3,12,0,0
BRDA:3,12,1,0
BRDA:3,13,0,1
BRDA:3,13,1,1
BRDA:3,14,0,2
BRDA:3,14,1,2
BRF:32
BRH:7
end_of_record
TN:
SF:app\screens\gMap\style.js
FN:1,ownKeys
FN:1,(anonymous_1)
FN:1,_objectSpread
FN:1,(anonymous_3)
FN:1,(anonymous_4)
FN:1,_defineProperty
FNF:6
FNH:4
FNDA:2,ownKeys
FNDA:0,(anonymous_1)
FNDA:2,_objectSpread
FNDA:10,(anonymous_3)
FNDA:0,(anonymous_4)
FNDA:10,_defineProperty
DA:1,10
DA:3,1
DA:16,1
LF:3
LH:3
BRDA:1,0,0,2
BRDA:1,0,1,0
BRDA:1,1,0,2
BRDA:1,1,1,0
BRDA:1,2,0,3
BRDA:1,2,1,0
BRDA:1,3,0,2
BRDA:1,3,1,1
BRDA:1,4,0,1
BRDA:1,4,1,0
BRDA:1,5,0,0
BRDA:1,5,1,10
BRF:12
BRH:7
end_of_record
TN:
SF:app\screens\locationFind\index.js
FN:6,_interopRequireDefault
FN:8,LocationFind
FNF:2
FNH:0
FNDA:0,_interopRequireDefault
FNDA:0,LocationFind
DA:1,0
DA:2,0
DA:3,0
DA:4,0
DA:5,0
DA:6,0
DA:8,0
DA:9,0
DA:25,0
LF:9
LH:0
BRDA:6,0,0,0
BRDA:6,0,1,0
BRDA:6,1,0,0
BRDA:6,1,1,0
BRF:4
BRH:0
end_of_record
TN:
SF:app\screens\locationFind\style.js
FN:2,_interopRequireDefault
FNF:1
FNH:0
FNDA:0,_interopRequireDefault
DA:1,0
DA:2,0
DA:4,0
DA:23,0
LF:4
LH:0
BRDA:2,0,0,0
BRDA:2,0,1,0
BRDA:2,1,0,0
BRDA:2,1,1,0
BRF:4
BRH:0
end_of_record
TN:
SF:app\screens\locationsScreen\index.js
FN:6,_interopRequireDefault
FN:8,Locations
FNF:2
FNH:0
FNDA:0,_interopRequireDefault
FNDA:0,Locations
DA:1,0
DA:2,0
DA:3,0
DA:4,0
DA:5,0
DA:6,0
DA:8,0
DA:9,0
DA:17,0
LF:9
LH:0
BRDA:6,0,0,0
BRDA:6,0,1,0
BRDA:6,1,0,0
BRDA:6,1,1,0
BRF:4
BRH:0
end_of_record
TN:
SF:app\screens\locationsScreen\style.js
FN:2,_interopRequireDefault
FNF:1
FNH:0
FNDA:0,_interopRequireDefault
DA:1,0
DA:2,0
DA:4,0
DA:7,0
LF:4
LH:0
BRDA:2,0,0,0
BRDA:2,0,1,0
BRDA:2,1,0,0
BRDA:2,1,1,0
BRF:4
BRH:0
end_of_record
TN:
SF:app\screens\loginScreen\index.js
FN:6,_interopRequireDefault
FN:16,LoginScreen
FNF:2
FNH:0
FNDA:0,_interopRequireDefault
FNDA:0,LoginScreen
DA:1,0
DA:2,0
DA:3,0
DA:4,0
DA:5,0
DA:6,0
DA:13,0
DA:14,0
DA:16,0
DA:17,0
DA:30,0
LF:11
LH:0
BRDA:6,0,0,0
BRDA:6,0,1,0
BRDA:6,1,0,0
BRDA:6,1,1,0
BRF:4
BRH:0
end_of_record
TN:
SF:app\screens\loginScreen\style.js
FNF:0
FNH:0
DA:1,0
DA:3,0
DA:4,0
DA:6,0
DA:22,0
LF:5
LH:0
BRF:0
BRH:0
end_of_record
TN:
SF:app\screens\mainScreen\index.js
FN:8,_interopRequireDefault
FN:10,MainScreen
FNF:2
FNH:0
FNDA:0,_interopRequireDefault
FNDA:0,MainScreen
DA:1,0
DA:2,0
DA:3,0
DA:4,0
DA:5,0
DA:6,0
DA:7,0
DA:8,0
DA:10,0
DA:11,0
DA:22,0
LF:11
LH:0
BRDA:8,0,0,0
BRDA:8,0,1,0
BRDA:8,1,0,0
BRDA:8,1,1,0
BRF:4
BRH:0
end_of_record
TN:
SF:app\screens\mainScreen\style.js
FN:2,_interopRequireDefault
FNF:1
FNH:0
FNDA:0,_interopRequireDefault
DA:1,0
DA:2,0
DA:4,0
DA:6,0
DA:16,0
LF:5
LH:0
BRDA:2,0,0,0
BRDA:2,0,1,0
BRDA:2,1,0,0
BRDA:2,1,1,0
BRF:4
BRH:0
end_of_record
TN:
SF:app\screens\registrScreen\index.js
FN:11,_interopRequireDefault
FN:13,RegistrScreen
FNF:2
FNH:0
FNDA:0,_interopRequireDefault
FNDA:0,RegistrScreen
DA:1,0
DA:2,0
DA:8,0
DA:9,0
DA:10,0
DA:11,0
DA:13,0
DA:14,0
DA:33,0
LF:9
LH:0
BRDA:11,0,0,0
BRDA:11,0,1,0
BRDA:11,1,0,0
BRDA:11,1,1,0
BRF:4
BRH:0
end_of_record
TN:
SF:app\screens\registrScreen\style.js
FNF:0
FNH:0
DA:1,0
DA:3,0
DA:5,0
DA:21,0
LF:4
LH:0
BRF:0
BRH:0
end_of_record
TN:
SF:app\screens\secondScreen\index.js
FN:6,_interopRequireDefault
FN:8,SecondPage
FN:14,onPress
FNF:3
FNH:0
FNDA:0,_interopRequireDefault
FNDA:0,SecondPage
FNDA:0,onPress
DA:1,0
DA:2,0
DA:3,0
DA:4,0
DA:5,0
DA:6,0
DA:8,0
DA:9,0
DA:14,0
DA:22,0
LF:10
LH:0
BRDA:6,0,0,0
BRDA:6,0,1,0
BRDA:6,1,0,0
BRDA:6,1,1,0
BRF:4
BRH:0
end_of_record
TN:
SF:app\screens\secondScreen\style.js
FN:2,_interopRequireDefault
FNF:1
FNH:0
FNDA:0,_interopRequireDefault
DA:1,0
DA:2,0
DA:4,0
DA:5,0
DA:25,0
LF:5
LH:0
BRDA:2,0,0,0
BRDA:2,0,1,0
BRDA:2,1,0,0
BRDA:2,1,1,0
BRF:4
BRH:0
end_of_record
TN:
SF:app\screens\settingsScreen\index.js
FN:6,_interopRequireDefault
FN:8,SettingScreen
FNF:2
FNH:0
FNDA:0,_interopRequireDefault
FNDA:0,SettingScreen
DA:1,0
DA:2,0
DA:3,0
DA:4,0
DA:5,0
DA:6,0
DA:8,0
DA:9,0
DA:17,0
LF:9
LH:0
BRDA:6,0,0,0
BRDA:6,0,1,0
BRDA:6,1,0,0
BRDA:6,1,1,0
BRF:4
BRH:0
end_of_record
TN:
SF:app\screens\settingsScreen\style.js
FN:2,_interopRequireDefault
FNF:1
FNH:0
FNDA:0,_interopRequireDefault
DA:1,0
DA:2,0
DA:4,0
DA:13,0
LF:4
LH:0
BRDA:2,0,0,0
BRDA:2,0,1,0
BRDA:2,1,0,0
BRDA:2,1,1,0
BRF:4
BRH:0
end_of_record
TN:
SF:app\screens\splashScreen\index.js
FN:6,_interopRequireDefault
FN:6,_getRequireWildcardCache
FN:6,_getRequireWildcardCache
FN:6,_interopRequireWildcard
FN:6,_classCallCheck
FN:6,_defineProperties
FN:6,_createClass
FN:6,_possibleConstructorReturn
FN:6,_assertThisInitialized
FN:6,_getPrototypeOf
FN:6,_getPrototypeOf
FN:6,_inherits
FN:6,_setPrototypeOf
FN:6,_setPrototypeOf
FN:8,(anonymous_14)
FN:8,SplashScreen
FN:8,componentDidMount
FN:11,(anonymous_17)
FN:14,render
FNF:19
FNH:0
FNDA:0,_interopRequireDefault
FNDA:0,_getRequireWildcardCache
FNDA:0,_getRequireWildcardCache
FNDA:0,_interopRequireWildcard
FNDA:0,_classCallCheck
FNDA:0,_defineProperties
FNDA:0,_createClass
FNDA:0,_possibleConstructorReturn
FNDA:0,_assertThisInitialized
FNDA:0,_getPrototypeOf
FNDA:0,_getPrototypeOf
FNDA:0,_inherits
FNDA:0,_setPrototypeOf
FNDA:0,_setPrototypeOf
FNDA:0,(anonymous_14)
FNDA:0,SplashScreen
FNDA:0,componentDidMount
FNDA:0,(anonymous_17)
FNDA:0,render
DA:1,0
DA:2,0
DA:3,0
DA:4,0
DA:5,0
DA:6,0
DA:8,0
DA:10,0
DA:11,0
DA:12,0
DA:17,0
DA:23,0
LF:12
LH:0
BRDA:6,0,0,0
BRDA:6,0,1,0
BRDA:6,1,0,0
BRDA:6,1,1,0
BRDA:6,2,0,0
BRDA:6,2,1,0
BRDA:6,3,0,0
BRDA:6,3,1,0
BRDA:6,4,0,0
BRDA:6,4,1,0
BRDA:6,5,0,0
BRDA:6,5,1,0
BRDA:6,6,0,0
BRDA:6,6,1,0
BRDA:6,6,2,0
BRDA:6,7,0,0
BRDA:6,7,1,0
BRDA:6,8,0,0
BRDA:6,8,1,0
BRDA:6,9,0,0
BRDA:6,9,1,0
BRDA:6,10,0,0
BRDA:6,10,1,0
BRDA:6,11,0,0
BRDA:6,11,1,0
BRDA:6,12,0,0
BRDA:6,12,1,0
BRDA:6,13,0,0
BRDA:6,13,1,0
BRDA:6,13,2,0
BRDA:6,14,0,0
BRDA:6,14,1,0
BRDA:6,15,0,0
BRDA:6,15,1,0
BRDA:6,16,0,0
BRDA:6,16,1,0
BRDA:6,17,0,0
BRDA:6,17,1,0
BRDA:6,18,0,0
BRDA:6,18,1,0
BRDA:6,19,0,0
BRDA:6,19,1,0
BRDA:6,20,0,0
BRDA:6,20,1,0
BRDA:6,21,0,0
BRDA:6,21,1,0
BRDA:6,21,2,0
BRDA:6,22,0,0
BRDA:6,22,1,0
BRDA:6,23,0,0
BRDA:6,23,1,0
BRDA:6,24,0,0
BRDA:6,24,1,0
BRDA:6,25,0,0
BRDA:6,25,1,0
BRDA:6,26,0,0
BRDA:6,26,1,0
BRDA:6,27,0,0
BRDA:6,27,1,0
BRDA:6,28,0,0
BRDA:6,28,1,0
BRDA:6,29,0,0
BRDA:6,29,1,0
BRF:63
BRH:0
end_of_record
TN:
SF:app\screens\splashScreen\style.js
FN:2,_interopRequireDefault
FNF:1
FNH:0
FNDA:0,_interopRequireDefault
DA:1,0
DA:2,0
DA:4,0
DA:13,0
LF:4
LH:0
BRDA:2,0,0,0
BRDA:2,0,1,0
BRDA:2,1,0,0
BRDA:2,1,1,0
BRF:4
BRH:0
end_of_record
TN:
SF:app\services\constans\colors.js
FNF:0
FNH:0
DA:1,7
DA:16,7
LF:2
LH:2
BRF:0
BRH:0
end_of_record
TN:
SF:app\services\constans\images.js
FNF:0
FNH:0
DA:1,1
DA:8,1
LF:2
LH:2
BRF:0
BRH:0
end_of_record
TN:
SF:app\services\constans\navComp.js
FN:7,_interopRequireDefault
FN:34,NavOptions
FN:43,headerTitle
FN:44,headerLeft
FN:45,headerRight
FN:48,tabBarIcon
FN:60,contentComponent
FNF:7
FNH:0
FNDA:0,_interopRequireDefault
FNDA:0,NavOptions
FNDA:0,headerTitle
FNDA:0,headerLeft
FNDA:0,headerRight
FNDA:0,tabBarIcon
FNDA:0,contentComponent
DA:1,0
DA:2,0
DA:3,0
DA:4,0
DA:5,0
DA:6,0
DA:7,0
DA:9,0
DA:34,0
DA:43,0
DA:44,0
DA:45,0
DA:48,0
DA:60,0
DA:61,0
LF:15
LH:0
BRDA:7,0,0,0
BRDA:7,0,1,0
BRDA:7,1,0,0
BRDA:7,1,1,0
BRF:4
BRH:0
end_of_record
TN:
SF:app\services\constans\icons\iconsAntDesign\index.js
FN:3,_interopRequireDefault
FNF:1
FNH:1
FNDA:6,_interopRequireDefault
DA:1,2
DA:2,2
DA:3,6
DA:5,2
DA:8,2
LF:5
LH:5
BRDA:3,0,0,4
BRDA:3,0,1,2
BRDA:3,1,0,6
BRDA:3,1,1,6
BRF:4
BRH:4
end_of_record
TN:
SF:app\services\constans\icons\iconsEntypo\index.js
FN:3,_interopRequireDefault
FNF:1
FNH:1
FNDA:3,_interopRequireDefault
DA:1,1
DA:2,1
DA:3,3
DA:5,1
DA:22,1
LF:5
LH:5
BRDA:3,0,0,2
BRDA:3,0,1,1
BRDA:3,1,0,3
BRDA:3,1,1,3
BRF:4
BRH:4
end_of_record
TN:
SF:app\services\constans\icons\iconsFontAwesome\index.js
FN:2,_interopRequireDefault
FNF:1
FNH:0
FNDA:0,_interopRequireDefault
DA:1,0
DA:2,0
DA:4,0
DA:5,0
LF:4
LH:0
BRDA:2,0,0,0
BRDA:2,0,1,0
BRDA:2,1,0,0
BRDA:2,1,1,0
BRF:4
BRH:0
end_of_record
TN:
SF:app\services\constans\icons\iconsFontisto\index.js
FN:2,_interopRequireDefault
FNF:1
FNH:0
FNDA:0,_interopRequireDefault
DA:1,0
DA:2,0
DA:4,0
DA:7,0
LF:4
LH:0
BRDA:2,0,0,0
BRDA:2,0,1,0
BRDA:2,1,0,0
BRDA:2,1,1,0
BRF:4
BRH:0
end_of_record
TN:
SF:app\services\constans\icons\iconsIonicons\index.js
FN:2,_interopRequireDefault
FNF:1
FNH:0
FNDA:0,_interopRequireDefault
DA:1,0
DA:2,0
DA:4,0
DA:10,0
LF:4
LH:0
BRDA:2,0,0,0
BRDA:2,0,1,0
BRDA:2,1,0,0
BRDA:2,1,1,0
BRF:4
BRH:0
end_of_record
TN:
SF:app\services\constans\icons\iconsMaterialComunityIcons\index.js
FN:2,_interopRequireDefault
FNF:1
FNH:0
FNDA:0,_interopRequireDefault
DA:1,0
DA:2,0
DA:4,0
DA:6,0
LF:4
LH:0
BRDA:2,0,0,0
BRDA:2,0,1,0
BRDA:2,1,0,0
BRDA:2,1,1,0
BRF:4
BRH:0
end_of_record
TN:
SF:app\services\constans\icons\iconsSimpleLineIcons\index.js
FN:2,_interopRequireDefault
FNF:1
FNH:0
FNDA:0,_interopRequireDefault
DA:1,0
DA:2,0
DA:4,0
DA:6,0
LF:4
LH:0
BRDA:2,0,0,0
BRDA:2,0,1,0
BRDA:2,1,0,0
BRDA:2,1,1,0
BRF:4
BRH:0
end_of_record
TN:
SF:app\services\constans\routs\index.js
FNF:0
FNH:0
DA:1,0
DA:13,0
LF:2
LH:0
BRF:0
BRH:0
end_of_record
TN:
SF:app\services\constans\texts\index.js
FN:1,_interopRequireDefault
FNF:1
FNH:0
FNDA:0,_interopRequireDefault
DA:1,0
DA:3,0
DA:179,0
LF:3
LH:0
BRDA:1,0,0,0
BRDA:1,0,1,0
BRDA:1,1,0,0
BRDA:1,1,1,0
BRF:4
BRH:0
end_of_record
